mode: set
go-pass-keeper/cmd/server/main.go:10.13,17.2 4 0
go-pass-keeper/cmd/client/main.go:18.29,20.27 2 0
go-pass-keeper/cmd/client/main.go:20.27,22.3 1 0
go-pass-keeper/cmd/client/main.go:23.2,24.40 1 0
go-pass-keeper/cmd/client/main.go:27.13,31.35 3 0
go-pass-keeper/cmd/client/main.go:31.35,33.3 1 0
go-pass-keeper/internal/app/app.go:28.38,30.2 1 0
go-pass-keeper/internal/app/app.go:33.21,34.61 1 0
go-pass-keeper/internal/app/app.go:34.61,35.80 1 0
go-pass-keeper/internal/app/app.go:38.2,43.16 3 0
go-pass-keeper/internal/app/app.go:43.16,45.3 1 0
go-pass-keeper/internal/app/app.go:46.2,47.16 2 0
go-pass-keeper/internal/app/app.go:47.16,49.3 1 0
go-pass-keeper/internal/app/app.go:50.2,51.16 2 0
go-pass-keeper/internal/app/app.go:51.16,53.3 1 0
go-pass-keeper/internal/app/app.go:55.2,73.41 6 0
go-pass-keeper/internal/app/app.go:73.41,75.3 1 0
go-pass-keeper/internal/app/app.go:77.2,86.35 7 0
go-pass-keeper/internal/grpcserver/config/server.go:19.26,22.41 2 0
go-pass-keeper/internal/grpcserver/config/server.go:22.41,23.72 1 0
go-pass-keeper/internal/grpcserver/config/server.go:26.2,39.3 3 0
go-pass-keeper/internal/grpcserver/config/server.go:41.30,48.2 1 0
go-pass-keeper/internal/grpcclient/settings/settings.go:16.43,18.2 1 0
go-pass-keeper/internal/grpcclient/interceptors/auth.go:17.31,25.10 1 0
go-pass-keeper/internal/grpcclient/interceptors/auth.go:25.10,26.22 1 0
go-pass-keeper/internal/grpcclient/interceptors/auth.go:26.22,28.4 1 0
go-pass-keeper/internal/grpcclient/interceptors/auth.go:30.3,33.55 3 0
go-pass-keeper/internal/grpcclient/interceptors/auth.go:40.32,48.31 1 0
go-pass-keeper/internal/grpcclient/interceptors/auth.go:48.31,49.22 1 0
go-pass-keeper/internal/grpcclient/interceptors/auth.go:49.22,51.4 1 0
go-pass-keeper/internal/grpcclient/interceptors/auth.go:53.3,56.50 3 0
go-pass-keeper/internal/grpcserver/server.go:30.37,31.30 1 0
go-pass-keeper/internal/grpcserver/server.go:31.30,33.3 1 0
go-pass-keeper/internal/grpcserver/server.go:37.40,38.30 1 0
go-pass-keeper/internal/grpcserver/server.go:38.30,40.3 1 0
go-pass-keeper/internal/grpcserver/server.go:44.69,45.30 1 0
go-pass-keeper/internal/grpcserver/server.go:45.30,47.3 1 0
go-pass-keeper/internal/grpcserver/server.go:51.71,52.30 1 0
go-pass-keeper/internal/grpcserver/server.go:52.30,54.3 1 0
go-pass-keeper/internal/grpcserver/server.go:58.42,62.31 2 0
go-pass-keeper/internal/grpcserver/server.go:62.31,64.3 1 0
go-pass-keeper/internal/grpcserver/server.go:66.2,66.10 1 0
go-pass-keeper/internal/grpcserver/server.go:70.56,71.35 1 0
go-pass-keeper/internal/grpcserver/server.go:71.35,73.3 1 0
go-pass-keeper/internal/grpcserver/server.go:77.32,79.16 2 0
go-pass-keeper/internal/grpcserver/server.go:79.16,81.3 1 0
go-pass-keeper/internal/grpcserver/server.go:83.2,90.12 3 0
go-pass-keeper/internal/grpcserver/server.go:90.12,92.77 2 0
go-pass-keeper/internal/grpcserver/server.go:92.77,94.4 1 0
go-pass-keeper/internal/grpcserver/server.go:97.2,97.12 1 0
go-pass-keeper/internal/grpcserver/server.go:101.25,103.2 1 0
go-pass-keeper/internal/grpcserver/interceptors/interceptors.go:27.55,28.60 1 0
go-pass-keeper/internal/grpcserver/interceptors/interceptors.go:28.60,30.17 2 0
go-pass-keeper/internal/grpcserver/interceptors/interceptors.go:30.17,32.4 1 0
go-pass-keeper/internal/grpcserver/interceptors/interceptors.go:34.3,35.17 2 0
go-pass-keeper/internal/grpcserver/interceptors/interceptors.go:35.17,37.4 1 0
go-pass-keeper/internal/grpcserver/interceptors/interceptors.go:39.3,40.17 2 0
go-pass-keeper/internal/grpcserver/interceptors/interceptors.go:40.17,42.4 1 0
go-pass-keeper/internal/grpcserver/interceptors/interceptors.go:45.3,46.18 2 0
go-pass-keeper/internal/grpcserver/interceptors/interceptors.go:51.54,52.100 1 0
go-pass-keeper/internal/grpcserver/interceptors/interceptors.go:52.100,55.39 2 0
go-pass-keeper/internal/grpcserver/interceptors/interceptors.go:55.39,59.29 3 0
go-pass-keeper/internal/grpcserver/interceptors/interceptors.go:60.16,61.47 1 0
go-pass-keeper/internal/grpcserver/interceptors/interceptors.go:62.13,63.44 1 0
go-pass-keeper/internal/grpcserver/interceptors/interceptors.go:64.14,65.45 1 0
go-pass-keeper/internal/grpcserver/interceptors/interceptors.go:66.12,67.44 1 0
go-pass-keeper/internal/grpcserver/interceptors/interceptors.go:71.3,73.14 2 0
go-pass-keeper/internal/grpcserver/interceptors/interceptors.go:74.27,75.21 1 0
go-pass-keeper/internal/grpcserver/interceptors/interceptors.go:76.26,77.20 1 0
go-pass-keeper/internal/grpcserver/interceptors/interceptors.go:78.26,79.20 1 0
go-pass-keeper/internal/grpcserver/interceptors/interceptors.go:80.27,81.21 1 0
go-pass-keeper/internal/grpcserver/interceptors/interceptors.go:82.11,83.47 1 0
go-pass-keeper/internal/grpcserver/interceptors/interceptors.go:89.82,96.2 1 0
go-pass-keeper/internal/grpcserver/interceptors/interceptors.go:99.84,103.2 1 0
go-pass-keeper/internal/grpcclient/keeper.go:32.97,44.27 2 1
go-pass-keeper/internal/grpcclient/keeper.go:44.27,46.3 1 0
go-pass-keeper/internal/grpcclient/keeper.go:48.2,48.15 1 1
go-pass-keeper/internal/grpcclient/keeper.go:52.67,53.32 1 0
go-pass-keeper/internal/grpcclient/keeper.go:53.32,55.3 1 0
go-pass-keeper/internal/grpcclient/keeper.go:59.60,61.16 2 1
go-pass-keeper/internal/grpcclient/keeper.go:61.16,63.3 1 1
go-pass-keeper/internal/grpcclient/keeper.go:64.2,65.16 2 1
go-pass-keeper/internal/grpcclient/keeper.go:65.16,68.3 2 0
go-pass-keeper/internal/grpcclient/keeper.go:70.2,73.12 4 1
go-pass-keeper/internal/grpcclient/keeper.go:77.39,78.20 1 0
go-pass-keeper/internal/grpcclient/keeper.go:78.20,80.3 1 0
go-pass-keeper/internal/grpcclient/keeper.go:81.2,81.12 1 0
go-pass-keeper/internal/grpcclient/keeper.go:85.104,86.17 1 1
go-pass-keeper/internal/grpcclient/keeper.go:86.17,88.3 1 1
go-pass-keeper/internal/grpcclient/keeper.go:89.2,89.22 1 1
go-pass-keeper/internal/grpcclient/keeper.go:89.22,91.3 1 1
go-pass-keeper/internal/grpcclient/keeper.go:92.2,97.26 2 1
go-pass-keeper/internal/grpcclient/keeper.go:98.16,99.65 1 1
go-pass-keeper/internal/grpcclient/keeper.go:100.29,102.49 2 1
go-pass-keeper/internal/grpcclient/keeper.go:103.10,105.43 2 1
go-pass-keeper/internal/grpcclient/keeper.go:110.83,111.22 1 1
go-pass-keeper/internal/grpcclient/keeper.go:111.22,113.3 1 1
go-pass-keeper/internal/grpcclient/keeper.go:114.2,115.26 2 1
go-pass-keeper/internal/grpcclient/keeper.go:116.16,117.84 1 1
go-pass-keeper/internal/grpcclient/keeper.go:118.29,120.54 2 1
go-pass-keeper/internal/grpcclient/keeper.go:121.10,123.48 2 1
go-pass-keeper/internal/grpcclient/keeper.go:128.68,129.22 1 1
go-pass-keeper/internal/grpcclient/keeper.go:129.22,131.3 1 1
go-pass-keeper/internal/grpcclient/keeper.go:132.2,133.26 2 1
go-pass-keeper/internal/grpcclient/keeper.go:134.16,135.55 1 1
go-pass-keeper/internal/grpcclient/keeper.go:136.29,138.49 2 1
go-pass-keeper/internal/grpcclient/keeper.go:139.10,141.43 2 1
go-pass-keeper/internal/grpcclient/keeper.go:146.66,147.22 1 1
go-pass-keeper/internal/grpcclient/keeper.go:147.22,149.3 1 1
go-pass-keeper/internal/grpcclient/keeper.go:150.2,151.26 2 1
go-pass-keeper/internal/grpcclient/keeper.go:152.16,153.37 1 1
go-pass-keeper/internal/grpcclient/keeper.go:154.29,156.48 2 1
go-pass-keeper/internal/grpcclient/keeper.go:157.10,159.42 2 1
go-pass-keeper/internal/grpcclient/keeper.go:164.105,165.17 1 1
go-pass-keeper/internal/grpcclient/keeper.go:165.17,167.3 1 1
go-pass-keeper/internal/grpcclient/keeper.go:168.2,168.22 1 1
go-pass-keeper/internal/grpcclient/keeper.go:168.22,170.3 1 1
go-pass-keeper/internal/grpcclient/keeper.go:171.2,176.26 2 1
go-pass-keeper/internal/grpcclient/keeper.go:177.16,178.65 1 1
go-pass-keeper/internal/grpcclient/keeper.go:179.29,181.49 2 1
go-pass-keeper/internal/grpcclient/keeper.go:182.10,184.43 2 1
go-pass-keeper/internal/grpcclient/user.go:29.77,36.27 2 1
go-pass-keeper/internal/grpcclient/user.go:36.27,38.3 1 0
go-pass-keeper/internal/grpcclient/user.go:40.2,40.15 1 1
go-pass-keeper/internal/grpcclient/user.go:44.63,45.30 1 0
go-pass-keeper/internal/grpcclient/user.go:45.30,47.3 1 0
go-pass-keeper/internal/grpcclient/user.go:51.58,53.16 2 1
go-pass-keeper/internal/grpcclient/user.go:53.16,55.3 1 1
go-pass-keeper/internal/grpcclient/user.go:56.2,57.16 2 1
go-pass-keeper/internal/grpcclient/user.go:57.16,60.3 2 0
go-pass-keeper/internal/grpcclient/user.go:62.2,65.12 4 1
go-pass-keeper/internal/grpcclient/user.go:69.37,70.20 1 0
go-pass-keeper/internal/grpcclient/user.go:70.20,72.3 1 0
go-pass-keeper/internal/grpcclient/user.go:73.2,73.12 1 0
go-pass-keeper/internal/grpcclient/user.go:77.87,78.22 1 1
go-pass-keeper/internal/grpcclient/user.go:78.22,80.3 1 1
go-pass-keeper/internal/grpcclient/user.go:82.2,87.26 2 1
go-pass-keeper/internal/grpcclient/user.go:88.16,90.46 2 1
go-pass-keeper/internal/grpcclient/user.go:91.29,93.44 2 1
go-pass-keeper/internal/grpcclient/user.go:94.10,96.46 2 1
go-pass-keeper/internal/grpcclient/user.go:101.77,102.22 1 1
go-pass-keeper/internal/grpcclient/user.go:102.22,104.3 1 1
go-pass-keeper/internal/grpcclient/user.go:106.2,111.26 2 1
go-pass-keeper/internal/grpcclient/user.go:112.16,114.46 2 1
go-pass-keeper/internal/grpcclient/user.go:115.29,117.52 2 1
go-pass-keeper/internal/grpcclient/user.go:118.10,120.46 2 1
go-pass-keeper/internal/storage/postgres.go:27.49,29.16 2 0
go-pass-keeper/internal/storage/postgres.go:29.16,31.3 1 0
go-pass-keeper/internal/storage/postgres.go:32.2,33.16 2 0
go-pass-keeper/internal/storage/postgres.go:33.16,35.3 1 0
go-pass-keeper/internal/storage/postgres.go:36.2,36.69 1 0
go-pass-keeper/internal/storage/postgres.go:40.39,42.63 1 0
go-pass-keeper/internal/storage/postgres.go:42.63,44.3 1 0
go-pass-keeper/internal/storage/postgres.go:45.2,45.41 1 0
go-pass-keeper/internal/storage/postgres.go:45.41,47.3 1 0
go-pass-keeper/internal/storage/postgres.go:49.2,49.12 1 0
go-pass-keeper/internal/storage/postgres.go:55.42,58.16 2 0
go-pass-keeper/internal/storage/postgres.go:58.16,60.3 1 0
go-pass-keeper/internal/storage/postgres.go:61.2,65.53 3 0
go-pass-keeper/internal/storage/postgres.go:65.53,67.3 1 0
go-pass-keeper/internal/storage/postgres.go:69.2,69.51 1 0
go-pass-keeper/internal/storage/postgres.go:69.51,71.3 1 0
go-pass-keeper/internal/storage/postgres.go:72.2,72.12 1 0
go-pass-keeper/internal/storage/postgres.go:75.34,78.2 2 0
go-pass-keeper/internal/storage/postgres.go:80.62,83.16 2 0
go-pass-keeper/internal/storage/postgres.go:83.16,89.17 4 0
go-pass-keeper/internal/storage/postgres.go:89.17,91.4 1 0
go-pass-keeper/internal/storage/postgres.go:92.3,94.17 3 0
go-pass-keeper/internal/storage/postgres.go:94.17,96.4 1 0
go-pass-keeper/internal/storage/postgres.go:97.3,97.13 1 0
go-pass-keeper/internal/storage/postgres.go:97.13,99.18 2 0
go-pass-keeper/internal/storage/postgres.go:99.18,101.5 1 0
go-pass-keeper/internal/storage/postgres.go:104.2,105.12 2 0
go-pass-keeper/internal/storage/secrets.go:22.52,24.2 1 0
go-pass-keeper/internal/storage/secrets.go:27.105,35.16 4 0
go-pass-keeper/internal/storage/secrets.go:35.16,37.93 2 0
go-pass-keeper/internal/storage/secrets.go:37.93,39.4 1 0
go-pass-keeper/internal/storage/secrets.go:40.3,40.58 1 0
go-pass-keeper/internal/storage/secrets.go:43.2,43.15 1 0
go-pass-keeper/internal/storage/secrets.go:47.93,54.16 4 0
go-pass-keeper/internal/storage/secrets.go:54.16,55.36 1 0
go-pass-keeper/internal/storage/secrets.go:55.36,57.4 1 0
go-pass-keeper/internal/storage/secrets.go:58.3,58.58 1 0
go-pass-keeper/internal/storage/secrets.go:60.2,60.15 1 0
go-pass-keeper/internal/storage/secrets.go:64.74,70.16 3 0
go-pass-keeper/internal/storage/secrets.go:70.16,72.3 1 0
go-pass-keeper/internal/storage/secrets.go:73.2,73.29 1 0
go-pass-keeper/internal/storage/secrets.go:73.29,75.3 1 0
go-pass-keeper/internal/storage/secrets.go:76.2,76.12 1 0
go-pass-keeper/internal/storage/secrets.go:80.96,86.16 3 0
go-pass-keeper/internal/storage/secrets.go:86.16,87.36 1 0
go-pass-keeper/internal/storage/secrets.go:87.36,89.4 1 0
go-pass-keeper/internal/storage/secrets.go:90.3,90.59 1 0
go-pass-keeper/internal/storage/secrets.go:92.2,94.18 2 0
go-pass-keeper/internal/storage/secrets.go:94.18,111.17 3 0
go-pass-keeper/internal/storage/secrets.go:111.17,113.4 1 0
go-pass-keeper/internal/storage/secrets.go:114.3,120.22 1 0
go-pass-keeper/internal/storage/secrets.go:123.2,123.17 1 0
go-pass-keeper/internal/storage/secrets.go:127.106,137.16 4 0
go-pass-keeper/internal/storage/secrets.go:137.16,138.36 1 0
go-pass-keeper/internal/storage/secrets.go:138.36,140.4 1 0
go-pass-keeper/internal/storage/secrets.go:141.3,141.59 1 0
go-pass-keeper/internal/storage/secrets.go:144.2,144.15 1 0
go-pass-keeper/internal/storage/user.go:21.48,23.2 1 0
go-pass-keeper/internal/storage/user.go:26.90,34.16 4 0
go-pass-keeper/internal/storage/user.go:34.16,36.93 2 0
go-pass-keeper/internal/storage/user.go:36.93,38.4 1 0
go-pass-keeper/internal/storage/user.go:39.3,39.61 1 0
go-pass-keeper/internal/storage/user.go:42.2,42.17 1 0
go-pass-keeper/internal/storage/user.go:46.105,54.16 4 0
go-pass-keeper/internal/storage/user.go:54.16,55.36 1 0
go-pass-keeper/internal/storage/user.go:55.36,57.4 1 0
go-pass-keeper/internal/storage/user.go:58.3,58.56 1 0
go-pass-keeper/internal/storage/user.go:61.2,61.18 1 0
go-pass-keeper/internal/storage/mocks/storage_mock.go:34.53,38.2 3 0
go-pass-keeper/internal/storage/mocks/storage_mock.go:41.51,43.2 1 0
go-pass-keeper/internal/storage/mocks/storage_mock.go:46.87,52.2 5 0
go-pass-keeper/internal/storage/mocks/storage_mock.go:55.65,58.2 2 0
go-pass-keeper/internal/storage/mocks/storage_mock.go:61.95,67.2 5 0
go-pass-keeper/internal/storage/mocks/storage_mock.go:70.76,73.2 2 0
go-pass-keeper/internal/storage/mocks/storage_mock.go:88.57,92.2 3 0
go-pass-keeper/internal/storage/mocks/storage_mock.go:95.55,97.2 1 0
go-pass-keeper/internal/storage/mocks/storage_mock.go:100.99,106.2 5 0
go-pass-keeper/internal/storage/mocks/storage_mock.go:109.64,112.2 2 0
go-pass-keeper/internal/storage/mocks/storage_mock.go:115.71,120.2 4 0
go-pass-keeper/internal/storage/mocks/storage_mock.go:123.69,126.2 2 0
go-pass-keeper/internal/storage/mocks/storage_mock.go:129.100,135.2 5 0
go-pass-keeper/internal/storage/mocks/storage_mock.go:138.65,141.2 2 0
go-pass-keeper/internal/storage/mocks/storage_mock.go:144.90,150.2 5 0
go-pass-keeper/internal/storage/mocks/storage_mock.go:153.66,156.2 2 0
go-pass-keeper/internal/storage/mocks/storage_mock.go:159.93,165.2 5 0
go-pass-keeper/internal/storage/mocks/storage_mock.go:168.67,171.2 2 0
go-pass-keeper/internal/tui/messages/secrets.go:37.90,41.16 3 0
go-pass-keeper/internal/tui/messages/secrets.go:41.16,43.3 1 0
go-pass-keeper/internal/tui/messages/secrets.go:44.2,44.80 1 0
go-pass-keeper/internal/tui/messages/secrets.go:54.91,58.16 3 0
go-pass-keeper/internal/tui/messages/secrets.go:58.16,60.3 1 0
go-pass-keeper/internal/tui/messages/secrets.go:61.2,61.92 1 0
go-pass-keeper/internal/tui/messages/secrets.go:71.103,74.16 3 0
go-pass-keeper/internal/tui/messages/secrets.go:74.16,76.3 1 0
go-pass-keeper/internal/tui/messages/secrets.go:77.2,79.12 3 0
go-pass-keeper/internal/tui/messages/secrets.go:98.86,102.16 3 0
go-pass-keeper/internal/tui/messages/secrets.go:102.16,104.3 1 0
go-pass-keeper/internal/tui/messages/secrets.go:105.2,105.80 1 0
go-pass-keeper/internal/tui/messages/secrets.go:115.87,119.16 3 0
go-pass-keeper/internal/tui/messages/secrets.go:119.16,121.3 1 0
go-pass-keeper/internal/tui/messages/secrets.go:122.2,122.92 1 0
go-pass-keeper/internal/tui/messages/secrets.go:132.99,135.16 3 0
go-pass-keeper/internal/tui/messages/secrets.go:135.16,137.3 1 0
go-pass-keeper/internal/tui/messages/secrets.go:138.2,140.12 3 0
go-pass-keeper/internal/tui/messages/secrets.go:156.86,160.16 3 0
go-pass-keeper/internal/tui/messages/secrets.go:160.16,162.3 1 0
go-pass-keeper/internal/tui/messages/secrets.go:163.2,163.80 1 0
go-pass-keeper/internal/tui/messages/secrets.go:173.87,177.16 3 0
go-pass-keeper/internal/tui/messages/secrets.go:177.16,179.3 1 0
go-pass-keeper/internal/tui/messages/secrets.go:180.2,180.92 1 0
go-pass-keeper/internal/tui/messages/secrets.go:190.99,193.16 3 0
go-pass-keeper/internal/tui/messages/secrets.go:193.16,195.3 1 0
go-pass-keeper/internal/tui/messages/secrets.go:196.2,198.12 3 0
go-pass-keeper/internal/tui/messages/secrets.go:214.88,218.16 3 0
go-pass-keeper/internal/tui/messages/secrets.go:218.16,220.3 1 0
go-pass-keeper/internal/tui/messages/secrets.go:221.2,221.80 1 0
go-pass-keeper/internal/tui/messages/secrets.go:231.89,235.16 3 0
go-pass-keeper/internal/tui/messages/secrets.go:235.16,237.3 1 0
go-pass-keeper/internal/tui/messages/secrets.go:238.2,238.92 1 0
go-pass-keeper/internal/tui/messages/secrets.go:248.101,251.16 3 0
go-pass-keeper/internal/tui/messages/secrets.go:251.16,253.3 1 0
go-pass-keeper/internal/tui/messages/secrets.go:254.2,256.12 3 0
go-pass-keeper/internal/tui/messages/secrets.go:260.77,261.19 1 0
go-pass-keeper/internal/tui/messages/secrets.go:262.33,265.17 3 0
go-pass-keeper/internal/tui/messages/secrets.go:265.17,267.4 1 0
go-pass-keeper/internal/tui/messages/secrets.go:268.3,268.13 1 0
go-pass-keeper/internal/tui/messages/secrets.go:269.29,272.17 3 0
go-pass-keeper/internal/tui/messages/secrets.go:272.17,274.4 1 0
go-pass-keeper/internal/tui/messages/secrets.go:275.3,275.13 1 0
go-pass-keeper/internal/tui/messages/secrets.go:276.29,279.17 3 0
go-pass-keeper/internal/tui/messages/secrets.go:279.17,281.4 1 0
go-pass-keeper/internal/tui/messages/secrets.go:282.3,282.13 1 0
go-pass-keeper/internal/tui/messages/secrets.go:283.31,286.17 3 0
go-pass-keeper/internal/tui/messages/secrets.go:286.17,288.4 1 0
go-pass-keeper/internal/tui/messages/secrets.go:289.3,289.13 1 0
go-pass-keeper/internal/tui/messages/secrets.go:290.10,291.70 1 0
go-pass-keeper/internal/tui/models/add.go:34.41,44.2 1 0
go-pass-keeper/internal/tui/models/add.go:47.40,54.2 1 0
go-pass-keeper/internal/tui/models/add.go:57.71,58.27 1 0
go-pass-keeper/internal/tui/models/add.go:59.25,60.34 1 0
go-pass-keeper/internal/tui/models/add.go:62.35,64.16 2 0
go-pass-keeper/internal/tui/models/add.go:65.37,66.31 1 0
go-pass-keeper/internal/tui/models/add.go:67.33,68.26 1 0
go-pass-keeper/internal/tui/models/add.go:69.33,70.22 1 0
go-pass-keeper/internal/tui/models/add.go:71.35,72.22 1 0
go-pass-keeper/internal/tui/models/add.go:75.2,75.17 1 0
go-pass-keeper/internal/tui/models/add.go:76.29,77.33 1 0
go-pass-keeper/internal/tui/models/add.go:78.26,79.36 1 0
go-pass-keeper/internal/tui/models/add.go:80.17,81.27 1 0
go-pass-keeper/internal/tui/models/add.go:82.17,83.27 1 0
go-pass-keeper/internal/tui/models/add.go:84.21,85.31 1 0
go-pass-keeper/internal/tui/models/add.go:86.10,87.16 1 0
go-pass-keeper/internal/tui/models/add.go:92.92,109.2 10 0
go-pass-keeper/internal/tui/models/add.go:112.81,113.27 1 0
go-pass-keeper/internal/tui/models/add.go:114.25,116.16 2 0
go-pass-keeper/internal/tui/models/add.go:118.18,119.23 1 0
go-pass-keeper/internal/tui/models/add.go:120.18,121.24 1 0
go-pass-keeper/internal/tui/models/add.go:121.24,123.5 1 0
go-pass-keeper/internal/tui/models/add.go:124.4,124.17 1 0
go-pass-keeper/internal/tui/models/add.go:126.20,127.43 1 0
go-pass-keeper/internal/tui/models/add.go:127.43,129.5 1 0
go-pass-keeper/internal/tui/models/add.go:130.4,130.17 1 0
go-pass-keeper/internal/tui/models/add.go:132.16,133.24 1 0
go-pass-keeper/internal/tui/models/add.go:134.11,136.18 2 0
go-pass-keeper/internal/tui/models/add.go:137.11,139.18 2 0
go-pass-keeper/internal/tui/models/add.go:140.11,142.18 2 0
go-pass-keeper/internal/tui/models/add.go:143.11,145.18 2 0
go-pass-keeper/internal/tui/models/add.go:147.4,147.17 1 0
go-pass-keeper/internal/tui/models/add.go:149.14,150.29 1 0
go-pass-keeper/internal/tui/models/add.go:150.29,152.5 1 0
go-pass-keeper/internal/tui/models/add.go:155.2,155.15 1 0
go-pass-keeper/internal/tui/models/add.go:159.84,163.2 3 0
go-pass-keeper/internal/tui/models/add.go:166.75,170.2 3 0
go-pass-keeper/internal/tui/models/add.go:173.75,177.2 3 0
go-pass-keeper/internal/tui/models/add.go:180.79,184.2 3 0
go-pass-keeper/internal/tui/models/add.go:187.39,188.17 1 0
go-pass-keeper/internal/tui/models/add.go:189.29,190.34 1 0
go-pass-keeper/internal/tui/models/add.go:191.26,192.29 1 0
go-pass-keeper/internal/tui/models/add.go:193.17,194.28 1 0
go-pass-keeper/internal/tui/models/add.go:195.17,196.28 1 0
go-pass-keeper/internal/tui/models/add.go:197.21,198.28 1 0
go-pass-keeper/internal/tui/models/add.go:199.10,200.53 1 0
go-pass-keeper/internal/tui/models/add.go:205.55,208.43 2 0
go-pass-keeper/internal/tui/models/add.go:208.43,209.24 1 0
go-pass-keeper/internal/tui/models/add.go:209.24,214.4 1 0
go-pass-keeper/internal/tui/models/add.go:214.9,219.4 1 0
go-pass-keeper/internal/tui/models/add.go:222.2,251.4 2 0
go-pass-keeper/internal/tui/models/app.go:49.66,64.2 2 0
go-pass-keeper/internal/tui/models/app.go:67.34,69.2 1 0
go-pass-keeper/internal/tui/models/app.go:72.60,75.27 2 0
go-pass-keeper/internal/tui/models/app.go:76.25,77.34 1 0
go-pass-keeper/internal/tui/models/app.go:79.18,80.19 1 0
go-pass-keeper/internal/tui/models/app.go:81.21,82.22 1 0
go-pass-keeper/internal/tui/models/app.go:83.19,85.19 1 0
go-pass-keeper/internal/tui/models/app.go:86.35,91.18 4 0
go-pass-keeper/internal/tui/models/app.go:92.23,95.18 2 0
go-pass-keeper/internal/tui/models/app.go:96.19,98.23 1 0
go-pass-keeper/internal/tui/models/app.go:102.31,106.35 4 0
go-pass-keeper/internal/tui/models/app.go:108.25,109.18 1 0
go-pass-keeper/internal/tui/models/app.go:110.19,111.20 1 0
go-pass-keeper/internal/tui/models/app.go:112.22,113.24 1 0
go-pass-keeper/internal/tui/models/app.go:115.3,115.16 1 0
go-pass-keeper/internal/tui/models/app.go:117.32,119.16 2 0
go-pass-keeper/internal/tui/models/app.go:121.33,124.16 3 0
go-pass-keeper/internal/tui/models/app.go:128.2,128.17 1 0
go-pass-keeper/internal/tui/models/app.go:129.17,130.33 1 0
go-pass-keeper/internal/tui/models/app.go:131.18,132.34 1 0
go-pass-keeper/internal/tui/models/app.go:133.21,134.37 1 0
go-pass-keeper/internal/tui/models/app.go:135.19,136.35 1 0
go-pass-keeper/internal/tui/models/app.go:137.21,138.37 1 0
go-pass-keeper/internal/tui/models/app.go:141.2,141.30 1 0
go-pass-keeper/internal/tui/models/app.go:145.33,146.17 1 0
go-pass-keeper/internal/tui/models/app.go:147.17,148.28 1 0
go-pass-keeper/internal/tui/models/app.go:149.18,150.23 1 0
go-pass-keeper/internal/tui/models/app.go:151.21,152.27 1 0
go-pass-keeper/internal/tui/models/app.go:153.19,154.26 1 0
go-pass-keeper/internal/tui/models/app.go:155.21,156.27 1 0
go-pass-keeper/internal/tui/models/app.go:157.10,158.53 1 0
go-pass-keeper/internal/tui/models/app.go:163.81,180.2 10 0
go-pass-keeper/internal/tui/models/app.go:183.43,233.2 3 0
go-pass-keeper/internal/tui/models/app.go:236.42,237.22 1 0
go-pass-keeper/internal/tui/models/app.go:237.22,243.3 1 0
go-pass-keeper/internal/tui/models/app.go:244.2,247.45 1 0
go-pass-keeper/internal/tui/models/app.go:251.46,253.30 2 0
go-pass-keeper/internal/tui/models/app.go:253.30,257.3 1 0
go-pass-keeper/internal/tui/models/app.go:258.2,260.15 1 0
go-pass-keeper/internal/tui/models/app.go:264.49,266.33 2 0
go-pass-keeper/internal/tui/models/app.go:266.33,270.3 1 0
go-pass-keeper/internal/tui/models/app.go:271.2,273.15 1 0
go-pass-keeper/internal/tui/models/app.go:277.47,280.31 2 0
go-pass-keeper/internal/tui/models/app.go:280.31,281.23 1 0
go-pass-keeper/internal/tui/models/app.go:281.23,285.4 1 0
go-pass-keeper/internal/tui/models/app.go:286.3,288.51 1 0
go-pass-keeper/internal/tui/models/app.go:290.2,290.22 1 0
go-pass-keeper/internal/tui/models/app.go:290.22,294.3 1 0
go-pass-keeper/internal/tui/models/app.go:295.2,297.50 1 0
go-pass-keeper/internal/tui/models/app.go:302.49,304.33 2 0
go-pass-keeper/internal/tui/models/app.go:304.33,308.3 1 0
go-pass-keeper/internal/tui/models/app.go:309.2,311.15 1 0
go-pass-keeper/internal/tui/models/app.go:315.69,316.27 1 0
go-pass-keeper/internal/tui/models/app.go:317.18,318.23 1 0
go-pass-keeper/internal/tui/models/app.go:319.18,320.35 1 0
go-pass-keeper/internal/tui/models/app.go:320.35,322.5 1 0
go-pass-keeper/internal/tui/models/app.go:323.4,323.17 1 0
go-pass-keeper/internal/tui/models/app.go:324.20,325.34 1 0
go-pass-keeper/internal/tui/models/app.go:325.34,327.5 1 0
go-pass-keeper/internal/tui/models/app.go:328.4,328.17 1 0
go-pass-keeper/internal/tui/models/app.go:329.16,330.21 1 0
go-pass-keeper/internal/tui/models/app.go:331.21,333.39 2 0
go-pass-keeper/internal/tui/models/app.go:334.24,336.43 2 0
go-pass-keeper/internal/tui/models/app.go:337.22,338.25 1 0
go-pass-keeper/internal/tui/models/app.go:338.25,341.6 2 0
go-pass-keeper/internal/tui/models/app.go:342.5,342.18 1 0
go-pass-keeper/internal/tui/models/app.go:343.24,345.43 2 0
go-pass-keeper/internal/tui/models/app.go:349.2,349.15 1 0
go-pass-keeper/internal/tui/models/app.go:353.70,357.2 3 0
go-pass-keeper/internal/tui/models/app.go:360.73,364.2 3 0
go-pass-keeper/internal/tui/models/app.go:367.71,371.2 3 0
go-pass-keeper/internal/tui/models/app.go:374.73,378.2 3 0
go-pass-keeper/internal/tui/models/app.go:381.39,383.2 1 0
go-pass-keeper/internal/tui/models/auth.go:27.60,33.30 2 0
go-pass-keeper/internal/tui/models/auth.go:33.30,38.12 4 0
go-pass-keeper/internal/tui/models/auth.go:39.10,44.37 5 0
go-pass-keeper/internal/tui/models/auth.go:45.10,51.37 6 0
go-pass-keeper/internal/tui/models/auth.go:54.3,54.22 1 0
go-pass-keeper/internal/tui/models/auth.go:57.2,57.14 1 0
go-pass-keeper/internal/tui/models/auth.go:61.35,63.2 1 0
go-pass-keeper/internal/tui/models/auth.go:66.61,69.27 2 0
go-pass-keeper/internal/tui/models/auth.go:70.25,72.16 2 0
go-pass-keeper/internal/tui/models/auth.go:74.18,75.23 1 0
go-pass-keeper/internal/tui/models/auth.go:76.41,80.37 2 0
go-pass-keeper/internal/tui/models/auth.go:80.37,82.5 1 0
go-pass-keeper/internal/tui/models/auth.go:82.10,84.5 1 0
go-pass-keeper/internal/tui/models/auth.go:86.4,86.35 1 0
go-pass-keeper/internal/tui/models/auth.go:86.35,88.5 1 0
go-pass-keeper/internal/tui/models/auth.go:88.10,88.28 1 0
go-pass-keeper/internal/tui/models/auth.go:88.28,90.5 1 0
go-pass-keeper/internal/tui/models/auth.go:93.4,93.28 1 0
go-pass-keeper/internal/tui/models/auth.go:93.28,94.23 1 0
go-pass-keeper/internal/tui/models/auth.go:94.23,98.6 3 0
go-pass-keeper/internal/tui/models/auth.go:98.11,102.6 3 0
go-pass-keeper/internal/tui/models/auth.go:105.4,105.32 1 0
go-pass-keeper/internal/tui/models/auth.go:107.16,110.48 3 0
go-pass-keeper/internal/tui/models/auth.go:112.14,113.29 1 0
go-pass-keeper/internal/tui/models/auth.go:113.29,115.5 1 0
go-pass-keeper/internal/tui/models/auth.go:119.2,119.49 1 0
go-pass-keeper/internal/tui/models/auth.go:119.49,122.17 3 0
go-pass-keeper/internal/tui/models/auth.go:122.17,124.4 1 0
go-pass-keeper/internal/tui/models/auth.go:127.2,127.30 1 0
go-pass-keeper/internal/tui/models/auth.go:131.34,134.26 2 0
go-pass-keeper/internal/tui/models/auth.go:134.26,136.21 2 0
go-pass-keeper/internal/tui/models/auth.go:136.21,138.4 1 0
go-pass-keeper/internal/tui/models/auth.go:138.9,140.4 1 0
go-pass-keeper/internal/tui/models/auth.go:142.3,143.12 2 0
go-pass-keeper/internal/tui/models/auth.go:144.10,145.54 1 0
go-pass-keeper/internal/tui/models/auth.go:146.10,147.35 1 0
go-pass-keeper/internal/tui/models/auth.go:151.3,152.21 2 0
go-pass-keeper/internal/tui/models/auth.go:152.21,154.4 1 0
go-pass-keeper/internal/tui/models/auth.go:154.9,157.29 2 0
go-pass-keeper/internal/tui/models/auth.go:157.29,160.26 2 0
go-pass-keeper/internal/tui/models/auth.go:160.26,162.6 1 0
go-pass-keeper/internal/tui/models/auth.go:163.5,163.30 1 0
go-pass-keeper/internal/tui/models/auth.go:164.10,166.24 2 0
go-pass-keeper/internal/tui/models/auth.go:166.24,168.6 1 0
go-pass-keeper/internal/tui/models/auth.go:172.3,176.4 1 0
go-pass-keeper/internal/tui/models/auth.go:180.2,202.17 2 0
go-pass-keeper/internal/tui/models/auth.go:202.17,209.3 1 0
go-pass-keeper/internal/tui/models/auth.go:212.2,230.4 2 0
go-pass-keeper/internal/tui/models/auth.go:234.75,235.24 1 0
go-pass-keeper/internal/tui/models/auth.go:235.24,236.39 1 0
go-pass-keeper/internal/tui/models/auth.go:236.39,238.4 1 0
go-pass-keeper/internal/tui/models/auth.go:239.3,241.16 3 0
go-pass-keeper/internal/tui/models/auth.go:241.16,244.4 2 0
go-pass-keeper/internal/tui/models/auth.go:245.3,245.45 1 0
go-pass-keeper/internal/tui/models/auth.go:245.45,247.4 1 0
go-pass-keeper/internal/tui/models/auth.go:248.3,249.17 2 0
go-pass-keeper/internal/tui/models/auth.go:249.17,251.4 1 0
go-pass-keeper/internal/tui/models/auth.go:252.3,252.79 1 0
go-pass-keeper/internal/tui/models/card.go:23.51,30.34 3 0
go-pass-keeper/internal/tui/models/card.go:30.34,36.12 5 0
go-pass-keeper/internal/tui/models/card.go:37.10,39.21 2 0
go-pass-keeper/internal/tui/models/card.go:40.10,42.20 2 0
go-pass-keeper/internal/tui/models/card.go:43.10,45.19 2 0
go-pass-keeper/internal/tui/models/card.go:46.10,48.19 2 0
go-pass-keeper/internal/tui/models/card.go:49.10,50.47 1 0
go-pass-keeper/internal/tui/models/card.go:53.3,53.26 1 0
go-pass-keeper/internal/tui/models/card.go:56.2,60.14 4 0
go-pass-keeper/internal/tui/models/card.go:64.45,66.2 1 0
go-pass-keeper/internal/tui/models/card.go:69.81,72.27 2 0
go-pass-keeper/internal/tui/models/card.go:73.25,75.16 2 0
go-pass-keeper/internal/tui/models/card.go:77.33,88.16 8 0
go-pass-keeper/internal/tui/models/card.go:90.18,92.23 1 0
go-pass-keeper/internal/tui/models/card.go:93.41,97.32 2 0
go-pass-keeper/internal/tui/models/card.go:97.32,101.5 3 0
go-pass-keeper/internal/tui/models/card.go:103.4,103.37 1 0
go-pass-keeper/internal/tui/models/card.go:103.37,105.5 1 0
go-pass-keeper/internal/tui/models/card.go:105.10,107.5 1 0
go-pass-keeper/internal/tui/models/card.go:109.4,109.21 1 0
go-pass-keeper/internal/tui/models/card.go:109.21,111.5 1 0
go-pass-keeper/internal/tui/models/card.go:111.10,111.28 1 0
go-pass-keeper/internal/tui/models/card.go:111.28,113.5 1 0
go-pass-keeper/internal/tui/models/card.go:116.4,120.32 4 0
go-pass-keeper/internal/tui/models/card.go:122.16,128.20 6 0
go-pass-keeper/internal/tui/models/card.go:128.20,131.5 2 0
go-pass-keeper/internal/tui/models/card.go:132.4,132.64 1 0
go-pass-keeper/internal/tui/models/card.go:134.14,136.29 2 0
go-pass-keeper/internal/tui/models/card.go:136.29,138.5 1 0
go-pass-keeper/internal/tui/models/card.go:143.2,143.53 1 0
go-pass-keeper/internal/tui/models/card.go:143.53,146.17 3 0
go-pass-keeper/internal/tui/models/card.go:146.17,148.4 1 0
go-pass-keeper/internal/tui/models/card.go:151.2,151.30 1 0
go-pass-keeper/internal/tui/models/card.go:155.44,202.2 5 0
go-pass-keeper/internal/tui/models/card.go:205.102,207.24 2 0
go-pass-keeper/internal/tui/models/card.go:207.24,209.3 1 0
go-pass-keeper/internal/tui/models/card.go:209.8,211.3 1 0
go-pass-keeper/internal/tui/models/card.go:213.2,215.24 2 0
go-pass-keeper/internal/tui/models/card.go:215.24,218.3 1 0
go-pass-keeper/internal/tui/models/card.go:218.8,222.22 3 0
go-pass-keeper/internal/tui/models/card.go:222.22,224.4 1 0
go-pass-keeper/internal/tui/models/card.go:227.2,231.10 1 0
go-pass-keeper/internal/tui/models/card.go:235.122,236.24 1 0
go-pass-keeper/internal/tui/models/card.go:236.24,237.21 1 0
go-pass-keeper/internal/tui/models/card.go:237.21,239.4 1 0
go-pass-keeper/internal/tui/models/card.go:240.3,240.23 1 0
go-pass-keeper/internal/tui/models/card.go:240.23,242.4 1 0
go-pass-keeper/internal/tui/models/card.go:243.3,243.21 1 0
go-pass-keeper/internal/tui/models/card.go:243.21,245.4 1 0
go-pass-keeper/internal/tui/models/card.go:246.3,246.20 1 0
go-pass-keeper/internal/tui/models/card.go:246.20,248.4 1 0
go-pass-keeper/internal/tui/models/card.go:249.3,249.22 1 0
go-pass-keeper/internal/tui/models/card.go:249.22,251.4 1 0
go-pass-keeper/internal/tui/models/card.go:252.3,261.4 1 0
go-pass-keeper/internal/tui/models/card.go:266.135,267.24 1 0
go-pass-keeper/internal/tui/models/card.go:267.24,268.21 1 0
go-pass-keeper/internal/tui/models/card.go:268.21,270.4 1 0
go-pass-keeper/internal/tui/models/card.go:271.3,271.23 1 0
go-pass-keeper/internal/tui/models/card.go:271.23,273.4 1 0
go-pass-keeper/internal/tui/models/card.go:274.3,274.21 1 0
go-pass-keeper/internal/tui/models/card.go:274.21,276.4 1 0
go-pass-keeper/internal/tui/models/card.go:277.3,277.20 1 0
go-pass-keeper/internal/tui/models/card.go:277.20,279.4 1 0
go-pass-keeper/internal/tui/models/card.go:280.3,280.22 1 0
go-pass-keeper/internal/tui/models/card.go:280.22,282.4 1 0
go-pass-keeper/internal/tui/models/card.go:283.3,293.4 1 0
go-pass-keeper/internal/tui/models/file.go:25.43,39.2 8 0
go-pass-keeper/internal/tui/models/file.go:42.41,44.2 1 0
go-pass-keeper/internal/tui/models/file.go:47.73,50.27 2 0
go-pass-keeper/internal/tui/models/file.go:51.25,53.16 2 0
go-pass-keeper/internal/tui/models/file.go:55.35,62.16 5 0
go-pass-keeper/internal/tui/models/file.go:64.18,66.23 1 0
go-pass-keeper/internal/tui/models/file.go:67.17,68.70 1 0
go-pass-keeper/internal/tui/models/file.go:70.16,71.20 1 0
go-pass-keeper/internal/tui/models/file.go:71.20,74.5 2 0
go-pass-keeper/internal/tui/models/file.go:75.4,75.57 1 0
go-pass-keeper/internal/tui/models/file.go:77.14,79.29 2 0
go-pass-keeper/internal/tui/models/file.go:79.29,81.5 1 0
go-pass-keeper/internal/tui/models/file.go:85.2,89.30 4 0
go-pass-keeper/internal/tui/models/file.go:93.40,96.35 2 0
go-pass-keeper/internal/tui/models/file.go:96.35,101.61 2 0
go-pass-keeper/internal/tui/models/file.go:101.61,103.4 1 0
go-pass-keeper/internal/tui/models/file.go:103.9,105.4 1 0
go-pass-keeper/internal/tui/models/file.go:108.2,159.4 5 0
go-pass-keeper/internal/tui/models/file.go:163.87,169.2 1 0
go-pass-keeper/internal/tui/models/file.go:172.68,173.24 1 0
go-pass-keeper/internal/tui/models/file.go:173.24,174.21 1 0
go-pass-keeper/internal/tui/models/file.go:174.21,176.4 1 0
go-pass-keeper/internal/tui/models/file.go:178.3,178.61 1 0
go-pass-keeper/internal/tui/models/file.go:178.61,181.18 2 0
go-pass-keeper/internal/tui/models/file.go:181.18,183.5 1 0
go-pass-keeper/internal/tui/models/file.go:184.4,190.5 1 0
go-pass-keeper/internal/tui/models/file.go:192.3,192.85 1 0
go-pass-keeper/internal/tui/models/file.go:197.81,198.24 1 0
go-pass-keeper/internal/tui/models/file.go:198.24,199.21 1 0
go-pass-keeper/internal/tui/models/file.go:199.21,201.4 1 0
go-pass-keeper/internal/tui/models/file.go:203.3,203.61 1 0
go-pass-keeper/internal/tui/models/file.go:203.61,206.18 2 0
go-pass-keeper/internal/tui/models/file.go:206.18,208.5 1 0
go-pass-keeper/internal/tui/models/file.go:209.4,216.5 1 0
go-pass-keeper/internal/tui/models/file.go:218.3,218.85 1 0
go-pass-keeper/internal/tui/models/file.go:223.80,224.24 1 0
go-pass-keeper/internal/tui/models/file.go:224.24,225.18 1 0
go-pass-keeper/internal/tui/models/file.go:225.18,227.4 1 0
go-pass-keeper/internal/tui/models/file.go:230.3,230.46 1 0
go-pass-keeper/internal/tui/models/file.go:230.46,232.4 1 0
go-pass-keeper/internal/tui/models/file.go:235.3,236.17 2 0
go-pass-keeper/internal/tui/models/file.go:236.17,238.4 1 0
go-pass-keeper/internal/tui/models/file.go:240.3,240.13 1 0
go-pass-keeper/internal/tui/models/password.go:32.45,59.2 18 0
go-pass-keeper/internal/tui/models/password.go:62.42,64.2 1 0
go-pass-keeper/internal/tui/models/password.go:67.75,70.27 2 0
go-pass-keeper/internal/tui/models/password.go:71.25,73.16 2 0
go-pass-keeper/internal/tui/models/password.go:75.37,83.16 6 0
go-pass-keeper/internal/tui/models/password.go:85.18,87.23 1 0
go-pass-keeper/internal/tui/models/password.go:88.41,103.37 11 0
go-pass-keeper/internal/tui/models/password.go:103.37,105.5 1 0
go-pass-keeper/internal/tui/models/password.go:105.10,107.5 1 0
go-pass-keeper/internal/tui/models/password.go:109.4,109.38 1 0
go-pass-keeper/internal/tui/models/password.go:109.38,111.5 1 0
go-pass-keeper/internal/tui/models/password.go:111.10,111.41 1 0
go-pass-keeper/internal/tui/models/password.go:111.41,113.5 1 0
go-pass-keeper/internal/tui/models/password.go:116.4,116.21 1 0
go-pass-keeper/internal/tui/models/password.go:117.24,120.48 3 0
go-pass-keeper/internal/tui/models/password.go:121.25,124.49 3 0
go-pass-keeper/internal/tui/models/password.go:125.28,128.52 3 0
go-pass-keeper/internal/tui/models/password.go:130.4,130.32 1 0
go-pass-keeper/internal/tui/models/password.go:132.16,133.20 1 0
go-pass-keeper/internal/tui/models/password.go:133.20,136.5 2 0
go-pass-keeper/internal/tui/models/password.go:137.4,137.100 1 0
go-pass-keeper/internal/tui/models/password.go:139.14,141.29 2 0
go-pass-keeper/internal/tui/models/password.go:141.29,143.5 1 0
go-pass-keeper/internal/tui/models/password.go:148.2,149.19 2 0
go-pass-keeper/internal/tui/models/password.go:150.22,151.45 1 0
go-pass-keeper/internal/tui/models/password.go:152.23,153.47 1 0
go-pass-keeper/internal/tui/models/password.go:154.26,155.53 1 0
go-pass-keeper/internal/tui/models/password.go:158.2,158.16 1 0
go-pass-keeper/internal/tui/models/password.go:158.16,160.3 1 0
go-pass-keeper/internal/tui/models/password.go:162.2,162.30 1 0
go-pass-keeper/internal/tui/models/password.go:166.41,208.2 5 0
go-pass-keeper/internal/tui/models/password.go:211.99,213.24 2 0
go-pass-keeper/internal/tui/models/password.go:213.24,215.3 1 0
go-pass-keeper/internal/tui/models/password.go:215.8,217.3 1 0
go-pass-keeper/internal/tui/models/password.go:219.2,220.24 2 0
go-pass-keeper/internal/tui/models/password.go:220.24,222.3 1 0
go-pass-keeper/internal/tui/models/password.go:222.8,225.22 3 0
go-pass-keeper/internal/tui/models/password.go:225.22,227.4 1 0
go-pass-keeper/internal/tui/models/password.go:230.2,234.10 1 0
go-pass-keeper/internal/tui/models/password.go:238.99,239.24 1 0
go-pass-keeper/internal/tui/models/password.go:239.24,240.21 1 0
go-pass-keeper/internal/tui/models/password.go:240.21,242.4 1 0
go-pass-keeper/internal/tui/models/password.go:243.3,243.25 1 0
go-pass-keeper/internal/tui/models/password.go:243.25,245.4 1 0
go-pass-keeper/internal/tui/models/password.go:246.3,246.25 1 0
go-pass-keeper/internal/tui/models/password.go:246.25,248.4 1 0
go-pass-keeper/internal/tui/models/password.go:249.3,256.4 1 0
go-pass-keeper/internal/tui/models/password.go:261.112,262.24 1 0
go-pass-keeper/internal/tui/models/password.go:262.24,263.21 1 0
go-pass-keeper/internal/tui/models/password.go:263.21,265.4 1 0
go-pass-keeper/internal/tui/models/password.go:266.3,266.25 1 0
go-pass-keeper/internal/tui/models/password.go:266.25,268.4 1 0
go-pass-keeper/internal/tui/models/password.go:269.3,269.25 1 0
go-pass-keeper/internal/tui/models/password.go:269.25,271.4 1 0
go-pass-keeper/internal/tui/models/password.go:272.3,280.4 1 0
go-pass-keeper/internal/tui/models/register.go:27.68,33.33 2 0
go-pass-keeper/internal/tui/models/register.go:33.33,39.12 5 0
go-pass-keeper/internal/tui/models/register.go:40.10,42.44 2 0
go-pass-keeper/internal/tui/models/register.go:43.10,47.44 4 0
go-pass-keeper/internal/tui/models/register.go:48.10,52.44 4 0
go-pass-keeper/internal/tui/models/register.go:55.3,55.25 1 0
go-pass-keeper/internal/tui/models/register.go:58.2,58.17 1 0
go-pass-keeper/internal/tui/models/register.go:62.39,64.2 1 0
go-pass-keeper/internal/tui/models/register.go:67.69,70.27 2 0
go-pass-keeper/internal/tui/models/register.go:71.25,73.16 2 0
go-pass-keeper/internal/tui/models/register.go:75.18,76.23 1 0
go-pass-keeper/internal/tui/models/register.go:77.50,80.20 2 0
go-pass-keeper/internal/tui/models/register.go:80.20,85.5 4 0
go-pass-keeper/internal/tui/models/register.go:87.4,87.37 1 0
go-pass-keeper/internal/tui/models/register.go:87.37,89.5 1 0
go-pass-keeper/internal/tui/models/register.go:89.10,91.5 1 0
go-pass-keeper/internal/tui/models/register.go:93.4,93.35 1 0
go-pass-keeper/internal/tui/models/register.go:93.35,95.5 1 0
go-pass-keeper/internal/tui/models/register.go:95.10,95.28 1 0
go-pass-keeper/internal/tui/models/register.go:95.28,97.5 1 0
go-pass-keeper/internal/tui/models/register.go:99.4,99.28 1 0
go-pass-keeper/internal/tui/models/register.go:99.28,100.23 1 0
go-pass-keeper/internal/tui/models/register.go:100.23,104.14 4 0
go-pass-keeper/internal/tui/models/register.go:106.5,108.48 3 0
go-pass-keeper/internal/tui/models/register.go:111.4,111.32 1 0
go-pass-keeper/internal/tui/models/register.go:115.2,115.26 1 0
go-pass-keeper/internal/tui/models/register.go:115.26,119.3 3 0
go-pass-keeper/internal/tui/models/register.go:121.2,121.30 1 0
go-pass-keeper/internal/tui/models/register.go:125.38,129.26 2 0
go-pass-keeper/internal/tui/models/register.go:129.26,131.21 2 0
go-pass-keeper/internal/tui/models/register.go:131.21,133.4 1 0
go-pass-keeper/internal/tui/models/register.go:133.9,135.4 1 0
go-pass-keeper/internal/tui/models/register.go:137.3,138.12 2 0
go-pass-keeper/internal/tui/models/register.go:139.10,140.54 1 0
go-pass-keeper/internal/tui/models/register.go:141.10,142.35 1 0
go-pass-keeper/internal/tui/models/register.go:143.10,144.61 1 0
go-pass-keeper/internal/tui/models/register.go:147.3,151.4 1 0
go-pass-keeper/internal/tui/models/register.go:155.2,177.17 2 0
go-pass-keeper/internal/tui/models/register.go:177.17,184.3 1 0
go-pass-keeper/internal/tui/models/register.go:187.2,205.4 2 0
go-pass-keeper/internal/tui/models/register.go:209.98,210.24 1 0
go-pass-keeper/internal/tui/models/register.go:210.24,211.56 1 0
go-pass-keeper/internal/tui/models/register.go:211.56,213.4 1 0
go-pass-keeper/internal/tui/models/register.go:214.3,214.26 1 0
go-pass-keeper/internal/tui/models/register.go:214.26,216.4 1 0
go-pass-keeper/internal/tui/models/register.go:217.3,219.16 3 0
go-pass-keeper/internal/tui/models/register.go:219.16,222.4 2 0
go-pass-keeper/internal/tui/models/register.go:223.3,223.45 1 0
go-pass-keeper/internal/tui/models/register.go:223.45,225.4 1 0
go-pass-keeper/internal/tui/models/register.go:226.3,227.17 2 0
go-pass-keeper/internal/tui/models/register.go:227.17,229.4 1 0
go-pass-keeper/internal/tui/models/register.go:230.3,230.79 1 0
go-pass-keeper/internal/tui/models/settings.go:32.68,39.30 2 0
go-pass-keeper/internal/tui/models/settings.go:39.30,45.12 5 0
go-pass-keeper/internal/tui/models/settings.go:46.23,49.36 3 0
go-pass-keeper/internal/tui/models/settings.go:50.24,53.37 3 0
go-pass-keeper/internal/tui/models/settings.go:54.21,57.53 3 0
go-pass-keeper/internal/tui/models/settings.go:58.28,63.33 5 0
go-pass-keeper/internal/tui/models/settings.go:66.3,66.22 1 0
go-pass-keeper/internal/tui/models/settings.go:69.2,69.14 1 0
go-pass-keeper/internal/tui/models/settings.go:73.39,75.2 1 0
go-pass-keeper/internal/tui/models/settings.go:78.69,81.27 2 0
go-pass-keeper/internal/tui/models/settings.go:82.25,84.16 2 0
go-pass-keeper/internal/tui/models/settings.go:86.18,87.23 1 0
go-pass-keeper/internal/tui/models/settings.go:88.50,91.20 2 0
go-pass-keeper/internal/tui/models/settings.go:91.20,100.81 2 0
go-pass-keeper/internal/tui/models/settings.go:100.81,102.6 1 0
go-pass-keeper/internal/tui/models/settings.go:102.11,104.6 1 0
go-pass-keeper/internal/tui/models/settings.go:106.5,106.30 1 0
go-pass-keeper/internal/tui/models/settings.go:106.30,108.6 1 0
go-pass-keeper/internal/tui/models/settings.go:111.4,111.37 1 0
go-pass-keeper/internal/tui/models/settings.go:111.37,113.5 1 0
go-pass-keeper/internal/tui/models/settings.go:113.10,115.5 1 0
go-pass-keeper/internal/tui/models/settings.go:117.4,117.35 1 0
go-pass-keeper/internal/tui/models/settings.go:117.35,119.5 1 0
go-pass-keeper/internal/tui/models/settings.go:119.10,119.28 1 0
go-pass-keeper/internal/tui/models/settings.go:119.28,121.5 1 0
go-pass-keeper/internal/tui/models/settings.go:123.4,123.28 1 0
go-pass-keeper/internal/tui/models/settings.go:123.28,124.23 1 0
go-pass-keeper/internal/tui/models/settings.go:124.23,128.14 4 0
go-pass-keeper/internal/tui/models/settings.go:130.5,132.48 3 0
go-pass-keeper/internal/tui/models/settings.go:135.4,135.32 1 0
go-pass-keeper/internal/tui/models/settings.go:139.2,139.26 1 0
go-pass-keeper/internal/tui/models/settings.go:139.26,143.3 3 0
go-pass-keeper/internal/tui/models/settings.go:145.2,145.30 1 0
go-pass-keeper/internal/tui/models/settings.go:149.38,152.26 2 0
go-pass-keeper/internal/tui/models/settings.go:152.26,154.21 2 0
go-pass-keeper/internal/tui/models/settings.go:154.21,156.4 1 0
go-pass-keeper/internal/tui/models/settings.go:156.9,158.4 1 0
go-pass-keeper/internal/tui/models/settings.go:160.3,164.4 1 0
go-pass-keeper/internal/tui/models/settings.go:168.2,210.4 2 0
go-pass-keeper/internal/tui/models/text.go:25.43,44.2 11 0
go-pass-keeper/internal/tui/models/text.go:47.41,49.2 1 0
go-pass-keeper/internal/tui/models/text.go:52.73,55.27 2 0
go-pass-keeper/internal/tui/models/text.go:56.25,59.16 3 0
go-pass-keeper/internal/tui/models/text.go:61.33,69.16 5 0
go-pass-keeper/internal/tui/models/text.go:71.18,73.23 1 0
go-pass-keeper/internal/tui/models/text.go:74.14,75.17 1 0
go-pass-keeper/internal/tui/models/text.go:75.17,79.5 3 0
go-pass-keeper/internal/tui/models/text.go:79.10,83.5 3 0
go-pass-keeper/internal/tui/models/text.go:85.16,86.20 1 0
go-pass-keeper/internal/tui/models/text.go:86.20,89.5 2 0
go-pass-keeper/internal/tui/models/text.go:90.4,90.73 1 0
go-pass-keeper/internal/tui/models/text.go:92.14,94.29 2 0
go-pass-keeper/internal/tui/models/text.go:94.29,96.5 1 0
go-pass-keeper/internal/tui/models/text.go:100.2,101.15 2 0
go-pass-keeper/internal/tui/models/text.go:101.15,103.3 1 0
go-pass-keeper/internal/tui/models/text.go:103.8,105.3 1 0
go-pass-keeper/internal/tui/models/text.go:106.2,108.30 2 0
go-pass-keeper/internal/tui/models/text.go:112.40,164.2 5 0
go-pass-keeper/internal/tui/models/text.go:167.87,169.15 2 0
go-pass-keeper/internal/tui/models/text.go:169.15,171.3 1 0
go-pass-keeper/internal/tui/models/text.go:171.8,173.3 1 0
go-pass-keeper/internal/tui/models/text.go:175.2,179.10 1 0
go-pass-keeper/internal/tui/models/text.go:183.69,185.2 1 0
go-pass-keeper/internal/tui/models/text.go:188.77,189.24 1 0
go-pass-keeper/internal/tui/models/text.go:189.24,190.21 1 0
go-pass-keeper/internal/tui/models/text.go:190.21,192.4 1 0
go-pass-keeper/internal/tui/models/text.go:193.3,193.21 1 0
go-pass-keeper/internal/tui/models/text.go:193.21,195.4 1 0
go-pass-keeper/internal/tui/models/text.go:196.3,202.4 1 0
go-pass-keeper/internal/tui/models/text.go:207.90,208.24 1 0
go-pass-keeper/internal/tui/models/text.go:208.24,209.21 1 0
go-pass-keeper/internal/tui/models/text.go:209.21,211.4 1 0
go-pass-keeper/internal/tui/models/text.go:212.3,212.21 1 0
go-pass-keeper/internal/tui/models/text.go:212.21,214.4 1 0
go-pass-keeper/internal/tui/models/text.go:215.3,222.4 1 0
go-pass-keeper/internal/tui/models/viewer.go:50.64,58.2 1 0
go-pass-keeper/internal/tui/models/viewer.go:61.37,63.2 1 0
go-pass-keeper/internal/tui/models/viewer.go:66.65,67.27 1 0
go-pass-keeper/internal/tui/models/viewer.go:68.25,69.34 1 0
go-pass-keeper/internal/tui/models/viewer.go:72.35,74.31 2 0
go-pass-keeper/internal/tui/models/viewer.go:76.31,77.33 1 0
go-pass-keeper/internal/tui/models/viewer.go:80.37,82.37 2 0
go-pass-keeper/internal/tui/models/viewer.go:84.38,86.38 2 0
go-pass-keeper/internal/tui/models/viewer.go:89.33,91.37 2 0
go-pass-keeper/internal/tui/models/viewer.go:93.34,95.38 2 0
go-pass-keeper/internal/tui/models/viewer.go:98.33,100.37 2 0
go-pass-keeper/internal/tui/models/viewer.go:102.34,104.38 2 0
go-pass-keeper/internal/tui/models/viewer.go:107.35,109.37 2 0
go-pass-keeper/internal/tui/models/viewer.go:111.36,113.38 2 0
go-pass-keeper/internal/tui/models/viewer.go:116.32,117.34 1 0
go-pass-keeper/internal/tui/models/viewer.go:119.33,121.32 2 0
go-pass-keeper/internal/tui/models/viewer.go:124.2,124.17 1 0
go-pass-keeper/internal/tui/models/viewer.go:125.22,126.31 1 0
go-pass-keeper/internal/tui/models/viewer.go:127.23,128.32 1 0
go-pass-keeper/internal/tui/models/viewer.go:129.10,130.32 1 0
go-pass-keeper/internal/tui/models/viewer.go:135.86,143.2 4 0
go-pass-keeper/internal/tui/models/viewer.go:146.74,149.27 2 0
go-pass-keeper/internal/tui/models/viewer.go:150.18,151.23 1 0
go-pass-keeper/internal/tui/models/viewer.go:152.17,153.33 1 0
go-pass-keeper/internal/tui/models/viewer.go:155.20,156.24 1 0
go-pass-keeper/internal/tui/models/viewer.go:156.24,158.5 1 0
go-pass-keeper/internal/tui/models/viewer.go:159.4,159.17 1 0
go-pass-keeper/internal/tui/models/viewer.go:161.21,162.24 1 0
go-pass-keeper/internal/tui/models/viewer.go:162.24,164.5 1 0
go-pass-keeper/internal/tui/models/viewer.go:165.4,165.17 1 0
go-pass-keeper/internal/tui/models/viewer.go:167.16,168.32 1 0
go-pass-keeper/internal/tui/models/viewer.go:169.14,170.29 1 0
go-pass-keeper/internal/tui/models/viewer.go:170.29,172.5 1 0
go-pass-keeper/internal/tui/models/viewer.go:177.2,177.32 1 0
go-pass-keeper/internal/tui/models/viewer.go:177.32,179.3 1 0
go-pass-keeper/internal/tui/models/viewer.go:181.2,181.15 1 0
go-pass-keeper/internal/tui/models/viewer.go:185.73,190.2 3 0
go-pass-keeper/internal/tui/models/viewer.go:193.74,195.68 1 0
go-pass-keeper/internal/tui/models/viewer.go:195.68,197.3 1 0
go-pass-keeper/internal/tui/models/viewer.go:198.2,198.15 1 0
go-pass-keeper/internal/tui/models/viewer.go:202.65,204.31 1 0
go-pass-keeper/internal/tui/models/viewer.go:204.31,207.3 2 0
go-pass-keeper/internal/tui/models/viewer.go:209.2,209.34 1 0
go-pass-keeper/internal/tui/models/viewer.go:209.34,211.3 1 0
go-pass-keeper/internal/tui/models/viewer.go:213.2,213.30 1 0
go-pass-keeper/internal/tui/models/viewer.go:213.30,215.3 1 0
go-pass-keeper/internal/tui/models/viewer.go:216.2,219.64 2 0
go-pass-keeper/internal/tui/models/viewer.go:219.64,222.3 2 0
go-pass-keeper/internal/tui/models/viewer.go:225.2,225.66 1 0
go-pass-keeper/internal/tui/models/viewer.go:225.66,227.3 1 0
go-pass-keeper/internal/tui/models/viewer.go:229.2,229.15 1 0
go-pass-keeper/internal/tui/models/viewer.go:233.91,236.16 3 0
go-pass-keeper/internal/tui/models/viewer.go:236.16,237.28 1 0
go-pass-keeper/internal/tui/models/viewer.go:237.28,239.4 1 0
go-pass-keeper/internal/tui/models/viewer.go:241.2,242.15 2 0
go-pass-keeper/internal/tui/models/viewer.go:246.50,249.2 2 0
go-pass-keeper/internal/tui/models/viewer.go:252.36,253.17 1 0
go-pass-keeper/internal/tui/models/viewer.go:254.23,255.34 1 0
go-pass-keeper/internal/tui/models/viewer.go:256.22,257.27 1 0
go-pass-keeper/internal/tui/models/viewer.go:258.10,259.53 1 0
go-pass-keeper/internal/tui/models/viewer.go:264.32,293.2 7 0
go-pass-keeper/internal/tui/models/viewer.go:296.64,298.33 2 0
go-pass-keeper/internal/tui/models/viewer.go:298.33,306.3 1 0
go-pass-keeper/internal/tui/models/viewer.go:307.2,307.13 1 0
go-pass-keeper/internal/tui/models/viewer.go:311.52,345.2 2 0
go-pass-keeper/internal/tui/models/viewer.go:348.45,360.2 2 0
go-pass-keeper/internal/tui/models/viewer.go:363.66,364.27 1 0
go-pass-keeper/internal/tui/models/viewer.go:364.27,369.3 1 0
go-pass-keeper/internal/tui/models/viewer.go:370.2,373.15 1 0
go-pass-keeper/internal/tui/models/viewer.go:377.46,380.34 2 0
go-pass-keeper/internal/tui/models/viewer.go:380.34,382.3 1 0
go-pass-keeper/internal/tui/models/viewer.go:384.2,387.19 1 0
go-pass-keeper/internal/tui/models/viewer.go:391.50,392.24 1 0
go-pass-keeper/internal/tui/models/viewer.go:392.24,395.16 3 0
go-pass-keeper/internal/tui/models/viewer.go:395.16,398.4 2 0
go-pass-keeper/internal/tui/models/viewer.go:399.3,399.45 1 0
go-pass-keeper/internal/tui/models/viewer.go:399.45,401.4 1 0
go-pass-keeper/internal/tui/models/viewer.go:402.3,403.17 2 0
go-pass-keeper/internal/tui/models/viewer.go:403.17,405.4 1 0
go-pass-keeper/internal/tui/models/viewer.go:406.3,406.53 1 0
go-pass-keeper/internal/tui/models/viewer.go:411.62,412.24 1 0
go-pass-keeper/internal/tui/models/viewer.go:412.24,415.16 3 0
go-pass-keeper/internal/tui/models/viewer.go:415.16,418.4 2 0
go-pass-keeper/internal/tui/models/viewer.go:419.3,419.45 1 0
go-pass-keeper/internal/tui/models/viewer.go:419.45,421.4 1 0
go-pass-keeper/internal/tui/models/viewer.go:422.3,423.17 2 0
go-pass-keeper/internal/tui/models/viewer.go:423.17,425.4 1 0
go-pass-keeper/internal/tui/models/viewer.go:426.3,426.42 1 0
go-pass-keeper/internal/tui/models/viewer.go:431.84,432.24 1 0
go-pass-keeper/internal/tui/models/viewer.go:432.24,434.17 2 0
go-pass-keeper/internal/tui/models/viewer.go:434.17,436.4 1 0
go-pass-keeper/internal/tui/models/viewer.go:437.3,439.16 3 0
go-pass-keeper/internal/tui/models/viewer.go:439.16,442.4 2 0
go-pass-keeper/internal/tui/models/viewer.go:443.3,443.45 1 0
go-pass-keeper/internal/tui/models/viewer.go:443.45,445.4 1 0
go-pass-keeper/internal/tui/models/viewer.go:446.3,447.17 2 0
go-pass-keeper/internal/tui/models/viewer.go:447.17,449.4 1 0
go-pass-keeper/internal/tui/models/viewer.go:450.3,450.36 1 0
go-pass-keeper/internal/tui/models/viewer.go:455.85,456.24 1 0
go-pass-keeper/internal/tui/models/viewer.go:456.24,458.17 2 0
go-pass-keeper/internal/tui/models/viewer.go:458.17,460.4 1 0
go-pass-keeper/internal/tui/models/viewer.go:461.3,463.16 3 0
go-pass-keeper/internal/tui/models/viewer.go:463.16,466.4 2 0
go-pass-keeper/internal/tui/models/viewer.go:467.3,467.45 1 0
go-pass-keeper/internal/tui/models/viewer.go:467.45,469.4 1 0
go-pass-keeper/internal/tui/models/viewer.go:470.3,471.17 2 0
go-pass-keeper/internal/tui/models/viewer.go:471.17,473.4 1 0
go-pass-keeper/internal/tui/models/viewer.go:474.3,474.36 1 0
go-pass-keeper/internal/tui/models/viewer.go:479.59,480.24 1 0
go-pass-keeper/internal/tui/models/viewer.go:480.24,483.16 3 0
go-pass-keeper/internal/tui/models/viewer.go:483.16,486.4 2 0
go-pass-keeper/internal/tui/models/viewer.go:487.3,487.45 1 0
go-pass-keeper/internal/tui/models/viewer.go:487.45,489.4 1 0
go-pass-keeper/internal/tui/models/viewer.go:490.3,491.17 2 0
go-pass-keeper/internal/tui/models/viewer.go:491.17,493.4 1 0
go-pass-keeper/internal/tui/models/viewer.go:494.3,494.56 1 0
go-pass-keeper/internal/services/keeper.go:26.42,30.2 1 1
go-pass-keeper/internal/services/keeper.go:33.110,35.16 2 1
go-pass-keeper/internal/services/keeper.go:35.16,37.3 1 1
go-pass-keeper/internal/services/keeper.go:38.2,45.16 3 1
go-pass-keeper/internal/services/keeper.go:45.16,46.47 1 1
go-pass-keeper/internal/services/keeper.go:46.47,48.4 1 1
go-pass-keeper/internal/services/keeper.go:49.3,49.56 1 1
go-pass-keeper/internal/services/keeper.go:51.2,56.50 1 1
go-pass-keeper/internal/services/keeper.go:60.110,62.16 2 1
go-pass-keeper/internal/services/keeper.go:62.16,64.3 1 1
go-pass-keeper/internal/services/keeper.go:65.2,66.16 2 1
go-pass-keeper/internal/services/keeper.go:66.16,68.3 1 0
go-pass-keeper/internal/services/keeper.go:69.2,70.16 2 1
go-pass-keeper/internal/services/keeper.go:70.16,71.42 1 1
go-pass-keeper/internal/services/keeper.go:71.42,73.4 1 1
go-pass-keeper/internal/services/keeper.go:74.3,74.56 1 1
go-pass-keeper/internal/services/keeper.go:76.2,82.32 1 1
go-pass-keeper/internal/services/keeper.go:86.119,88.16 2 1
go-pass-keeper/internal/services/keeper.go:88.16,90.3 1 1
go-pass-keeper/internal/services/keeper.go:91.2,92.16 2 1
go-pass-keeper/internal/services/keeper.go:92.16,94.3 1 0
go-pass-keeper/internal/services/keeper.go:95.2,95.51 1 1
go-pass-keeper/internal/services/keeper.go:95.51,96.42 1 1
go-pass-keeper/internal/services/keeper.go:96.42,98.4 1 1
go-pass-keeper/internal/services/keeper.go:99.3,99.56 1 1
go-pass-keeper/internal/services/keeper.go:102.2,102.63 1 1
go-pass-keeper/internal/services/keeper.go:106.113,108.16 2 1
go-pass-keeper/internal/services/keeper.go:108.16,110.3 1 1
go-pass-keeper/internal/services/keeper.go:112.2,113.16 2 1
go-pass-keeper/internal/services/keeper.go:113.16,114.42 1 1
go-pass-keeper/internal/services/keeper.go:114.42,116.4 1 1
go-pass-keeper/internal/services/keeper.go:117.3,117.56 1 1
go-pass-keeper/internal/services/keeper.go:120.2,121.30 2 1
go-pass-keeper/internal/services/keeper.go:121.30,129.3 1 1
go-pass-keeper/internal/services/keeper.go:131.2,131.18 1 1
go-pass-keeper/internal/services/keeper.go:135.113,137.16 2 1
go-pass-keeper/internal/services/keeper.go:137.16,139.3 1 1
go-pass-keeper/internal/services/keeper.go:140.2,141.16 2 1
go-pass-keeper/internal/services/keeper.go:141.16,143.3 1 0
go-pass-keeper/internal/services/keeper.go:144.2,152.16 3 1
go-pass-keeper/internal/services/keeper.go:152.16,153.42 1 1
go-pass-keeper/internal/services/keeper.go:153.42,155.4 1 1
go-pass-keeper/internal/services/keeper.go:156.3,156.56 1 1
go-pass-keeper/internal/services/keeper.go:158.2,163.50 1 1
go-pass-keeper/internal/services/keeper.go:166.59,168.2 1 0
go-pass-keeper/internal/services/user.go:30.53,35.2 1 1
go-pass-keeper/internal/services/user.go:38.104,41.16 2 1
go-pass-keeper/internal/services/user.go:41.16,43.3 1 0
go-pass-keeper/internal/services/user.go:44.2,45.13 2 1
go-pass-keeper/internal/services/user.go:46.11,46.11 0 1
go-pass-keeper/internal/services/user.go:47.32,48.63 1 1
go-pass-keeper/internal/services/user.go:49.10,50.56 1 1
go-pass-keeper/internal/services/user.go:52.2,53.16 2 1
go-pass-keeper/internal/services/user.go:53.16,55.3 1 0
go-pass-keeper/internal/services/user.go:57.2,57.56 1 1
go-pass-keeper/internal/services/user.go:61.95,63.13 2 1
go-pass-keeper/internal/services/user.go:64.11,64.11 0 1
go-pass-keeper/internal/services/user.go:65.27,66.63 1 1
go-pass-keeper/internal/services/user.go:67.10,68.56 1 1
go-pass-keeper/internal/services/user.go:70.2,71.16 2 1
go-pass-keeper/internal/services/user.go:71.16,73.3 1 0
go-pass-keeper/internal/services/user.go:74.2,74.55 1 1
go-pass-keeper/internal/services/user.go:78.57,80.2 1 0
go-pass-keeper/internal/services/user.go:83.102,85.2 1 0
go-pass-keeper/internal/grpcclient/config/config.go:16.40,20.2 3 1
go-pass-keeper/internal/grpcclient/config/config.go:23.45,25.16 2 1
go-pass-keeper/internal/grpcclient/config/config.go:25.16,27.3 1 0
go-pass-keeper/internal/grpcclient/config/config.go:29.2,30.41 2 1
go-pass-keeper/internal/grpcclient/config/config.go:30.41,32.3 1 1
go-pass-keeper/internal/grpcclient/config/config.go:34.2,34.15 1 1
go-pass-keeper/internal/grpcclient/config/config.go:38.57,40.16 2 1
go-pass-keeper/internal/grpcclient/config/config.go:40.16,42.3 1 0
go-pass-keeper/internal/grpcclient/config/config.go:44.2,45.48 2 1
go-pass-keeper/internal/grpcclient/config/config.go:49.54,56.2 1 1
go-pass-keeper/pkg/proto/mocks/keeper_grpc.pb_mock.go:34.69,38.2 3 0
go-pass-keeper/pkg/proto/mocks/keeper_grpc.pb_mock.go:41.67,43.2 1 0
go-pass-keeper/pkg/proto/mocks/keeper_grpc.pb_mock.go:46.146,49.25 3 0
go-pass-keeper/pkg/proto/mocks/keeper_grpc.pb_mock.go:49.25,51.3 1 0
go-pass-keeper/pkg/proto/mocks/keeper_grpc.pb_mock.go:52.2,55.19 4 0
go-pass-keeper/pkg/proto/mocks/keeper_grpc.pb_mock.go:59.90,63.2 3 0
go-pass-keeper/pkg/proto/mocks/keeper_grpc.pb_mock.go:66.155,69.25 3 0
go-pass-keeper/pkg/proto/mocks/keeper_grpc.pb_mock.go:69.25,71.3 1 0
go-pass-keeper/pkg/proto/mocks/keeper_grpc.pb_mock.go:72.2,75.19 4 0
go-pass-keeper/pkg/proto/mocks/keeper_grpc.pb_mock.go:79.93,83.2 3 0
go-pass-keeper/pkg/proto/mocks/keeper_grpc.pb_mock.go:86.149,89.25 3 0
go-pass-keeper/pkg/proto/mocks/keeper_grpc.pb_mock.go:89.25,91.3 1 0
go-pass-keeper/pkg/proto/mocks/keeper_grpc.pb_mock.go:92.2,95.19 4 0
go-pass-keeper/pkg/proto/mocks/keeper_grpc.pb_mock.go:99.91,103.2 3 0
go-pass-keeper/pkg/proto/mocks/keeper_grpc.pb_mock.go:106.146,109.25 3 0
go-pass-keeper/pkg/proto/mocks/keeper_grpc.pb_mock.go:109.25,111.3 1 0
go-pass-keeper/pkg/proto/mocks/keeper_grpc.pb_mock.go:112.2,115.19 4 0
go-pass-keeper/pkg/proto/mocks/keeper_grpc.pb_mock.go:119.90,123.2 3 0
go-pass-keeper/pkg/proto/mocks/keeper_grpc.pb_mock.go:126.149,129.25 3 0
go-pass-keeper/pkg/proto/mocks/keeper_grpc.pb_mock.go:129.25,131.3 1 0
go-pass-keeper/pkg/proto/mocks/keeper_grpc.pb_mock.go:132.2,135.19 4 0
go-pass-keeper/pkg/proto/mocks/keeper_grpc.pb_mock.go:139.91,143.2 3 0
go-pass-keeper/pkg/proto/mocks/keeper_grpc.pb_mock.go:158.69,162.2 3 0
go-pass-keeper/pkg/proto/mocks/keeper_grpc.pb_mock.go:165.67,167.2 1 0
go-pass-keeper/pkg/proto/mocks/keeper_grpc.pb_mock.go:170.124,176.2 5 0
go-pass-keeper/pkg/proto/mocks/keeper_grpc.pb_mock.go:179.80,182.2 2 0
go-pass-keeper/pkg/proto/mocks/keeper_grpc.pb_mock.go:185.133,191.2 5 0
go-pass-keeper/pkg/proto/mocks/keeper_grpc.pb_mock.go:194.83,197.2 2 0
go-pass-keeper/pkg/proto/mocks/keeper_grpc.pb_mock.go:200.127,206.2 5 0
go-pass-keeper/pkg/proto/mocks/keeper_grpc.pb_mock.go:209.81,212.2 2 0
go-pass-keeper/pkg/proto/mocks/keeper_grpc.pb_mock.go:215.124,221.2 5 0
go-pass-keeper/pkg/proto/mocks/keeper_grpc.pb_mock.go:224.80,227.2 2 0
go-pass-keeper/pkg/proto/mocks/keeper_grpc.pb_mock.go:230.127,236.2 5 0
go-pass-keeper/pkg/proto/mocks/keeper_grpc.pb_mock.go:239.81,242.2 2 0
go-pass-keeper/pkg/proto/mocks/keeper_grpc.pb_mock.go:245.65,248.2 2 0
go-pass-keeper/pkg/proto/mocks/keeper_grpc.pb_mock.go:251.91,254.2 2 0
go-pass-keeper/pkg/proto/mocks/keeper_grpc.pb_mock.go:269.81,273.2 3 0
go-pass-keeper/pkg/proto/mocks/keeper_grpc.pb_mock.go:276.79,278.2 1 0
go-pass-keeper/pkg/proto/mocks/keeper_grpc.pb_mock.go:281.71,284.2 2 0
go-pass-keeper/pkg/proto/mocks/keeper_grpc.pb_mock.go:287.97,290.2 2 0
go-pass-keeper/pkg/proto/mocks/user_grpc.pb_mock.go:34.65,38.2 3 0
go-pass-keeper/pkg/proto/mocks/user_grpc.pb_mock.go:41.63,43.2 1 0
go-pass-keeper/pkg/proto/mocks/user_grpc.pb_mock.go:46.132,49.25 3 0
go-pass-keeper/pkg/proto/mocks/user_grpc.pb_mock.go:49.25,51.3 1 0
go-pass-keeper/pkg/proto/mocks/user_grpc.pb_mock.go:52.2,55.19 4 0
go-pass-keeper/pkg/proto/mocks/user_grpc.pb_mock.go:59.84,63.2 3 0
go-pass-keeper/pkg/proto/mocks/user_grpc.pb_mock.go:66.141,69.25 3 0
go-pass-keeper/pkg/proto/mocks/user_grpc.pb_mock.go:69.25,71.3 1 0
go-pass-keeper/pkg/proto/mocks/user_grpc.pb_mock.go:72.2,75.19 4 0
go-pass-keeper/pkg/proto/mocks/user_grpc.pb_mock.go:79.87,83.2 3 0
go-pass-keeper/pkg/proto/mocks/user_grpc.pb_mock.go:98.65,102.2 3 0
go-pass-keeper/pkg/proto/mocks/user_grpc.pb_mock.go:105.63,107.2 1 0
go-pass-keeper/pkg/proto/mocks/user_grpc.pb_mock.go:110.110,116.2 5 0
go-pass-keeper/pkg/proto/mocks/user_grpc.pb_mock.go:119.74,122.2 2 0
go-pass-keeper/pkg/proto/mocks/user_grpc.pb_mock.go:125.119,131.2 5 0
go-pass-keeper/pkg/proto/mocks/user_grpc.pb_mock.go:134.77,137.2 2 0
go-pass-keeper/pkg/proto/mocks/user_grpc.pb_mock.go:140.61,143.2 2 0
go-pass-keeper/pkg/proto/mocks/user_grpc.pb_mock.go:146.87,149.2 2 0
go-pass-keeper/pkg/proto/mocks/user_grpc.pb_mock.go:164.77,168.2 3 0
go-pass-keeper/pkg/proto/mocks/user_grpc.pb_mock.go:171.75,173.2 1 0
go-pass-keeper/pkg/proto/mocks/user_grpc.pb_mock.go:176.67,179.2 2 0
go-pass-keeper/pkg/proto/mocks/user_grpc.pb_mock.go:182.93,185.2 2 0
go-pass-keeper/pkg/logger/logger.go:16.37,18.17 2 0
go-pass-keeper/pkg/logger/logger.go:18.17,21.17 2 0
go-pass-keeper/pkg/logger/logger.go:21.17,24.4 2 0
go-pass-keeper/pkg/logger/logger.go:26.3,33.17 6 0
go-pass-keeper/pkg/logger/logger.go:33.17,36.4 2 0
go-pass-keeper/pkg/logger/logger.go:38.3,38.28 1 0
go-pass-keeper/pkg/logger/logger.go:40.2,40.16 1 0
go-pass-keeper/pkg/logger/logger.go:44.31,45.21 1 0
go-pass-keeper/pkg/logger/logger.go:45.21,48.3 1 0
go-pass-keeper/pkg/logger/logger.go:49.2,49.17 1 0
go-pass-keeper/pkg/logger/logger.go:53.19,54.21 1 0
go-pass-keeper/pkg/logger/logger.go:54.21,56.3 1 0
go-pass-keeper/pkg/logger/logger.go:57.2,57.12 1 0
go-pass-keeper/pkg/logger/logger.go:61.33,63.2 1 0
go-pass-keeper/pkg/logger/logger.go:66.32,68.2 1 0
go-pass-keeper/pkg/logger/logger.go:71.32,73.2 1 0
go-pass-keeper/pkg/logger/logger.go:76.33,78.2 1 0
go-pass-keeper/pkg/logger/logger.go:81.33,83.2 1 0
go-pass-keeper/pkg/proto/keeper.pb.go:36.34,41.2 4 0
go-pass-keeper/pkg/proto/keeper.pb.go:43.42,45.2 1 0
go-pass-keeper/pkg/proto/keeper.pb.go:47.40,47.41 0 0
go-pass-keeper/pkg/proto/keeper.pb.go:49.62,51.14 2 0
go-pass-keeper/pkg/proto/keeper.pb.go:51.14,53.34 2 0
go-pass-keeper/pkg/proto/keeper.pb.go:53.34,55.4 1 0
go-pass-keeper/pkg/proto/keeper.pb.go:56.3,56.12 1 0
go-pass-keeper/pkg/proto/keeper.pb.go:58.2,58.24 1 0
go-pass-keeper/pkg/proto/keeper.pb.go:62.53,64.2 1 0
go-pass-keeper/pkg/proto/keeper.pb.go:66.41,67.14 1 0
go-pass-keeper/pkg/proto/keeper.pb.go:67.14,69.3 1 0
go-pass-keeper/pkg/proto/keeper.pb.go:70.2,70.11 1 0
go-pass-keeper/pkg/proto/keeper.pb.go:73.43,74.14 1 0
go-pass-keeper/pkg/proto/keeper.pb.go:74.14,76.3 1 0
go-pass-keeper/pkg/proto/keeper.pb.go:77.2,77.11 1 0
go-pass-keeper/pkg/proto/keeper.pb.go:80.43,81.14 1 0
go-pass-keeper/pkg/proto/keeper.pb.go:81.14,83.3 1 0
go-pass-keeper/pkg/proto/keeper.pb.go:84.2,84.11 1 0
go-pass-keeper/pkg/proto/keeper.pb.go:87.62,88.14 1 0
go-pass-keeper/pkg/proto/keeper.pb.go:88.14,90.3 1 0
go-pass-keeper/pkg/proto/keeper.pb.go:91.2,91.12 1 0
go-pass-keeper/pkg/proto/keeper.pb.go:94.62,95.14 1 0
go-pass-keeper/pkg/proto/keeper.pb.go:95.14,97.3 1 0
go-pass-keeper/pkg/proto/keeper.pb.go:98.2,98.12 1 0
go-pass-keeper/pkg/proto/keeper.pb.go:107.37,112.2 4 0
go-pass-keeper/pkg/proto/keeper.pb.go:114.45,116.2 1 0
go-pass-keeper/pkg/proto/keeper.pb.go:118.43,118.44 0 0
go-pass-keeper/pkg/proto/keeper.pb.go:120.65,122.14 2 0
go-pass-keeper/pkg/proto/keeper.pb.go:122.14,124.34 2 0
go-pass-keeper/pkg/proto/keeper.pb.go:124.34,126.4 1 0
go-pass-keeper/pkg/proto/keeper.pb.go:127.3,127.12 1 0
go-pass-keeper/pkg/proto/keeper.pb.go:129.2,129.24 1 0
go-pass-keeper/pkg/proto/keeper.pb.go:133.56,135.2 1 0
go-pass-keeper/pkg/proto/keeper.pb.go:144.38,149.2 4 0
go-pass-keeper/pkg/proto/keeper.pb.go:151.46,153.2 1 0
go-pass-keeper/pkg/proto/keeper.pb.go:155.44,155.45 0 0
go-pass-keeper/pkg/proto/keeper.pb.go:157.66,159.14 2 0
go-pass-keeper/pkg/proto/keeper.pb.go:159.14,161.34 2 0
go-pass-keeper/pkg/proto/keeper.pb.go:161.34,163.4 1 0
go-pass-keeper/pkg/proto/keeper.pb.go:164.3,164.12 1 0
go-pass-keeper/pkg/proto/keeper.pb.go:166.2,166.24 1 0
go-pass-keeper/pkg/proto/keeper.pb.go:170.57,172.2 1 0
go-pass-keeper/pkg/proto/keeper.pb.go:174.61,175.14 1 0
go-pass-keeper/pkg/proto/keeper.pb.go:175.14,177.3 1 0
go-pass-keeper/pkg/proto/keeper.pb.go:178.2,178.12 1 0
go-pass-keeper/pkg/proto/keeper.pb.go:189.36,194.2 4 0
go-pass-keeper/pkg/proto/keeper.pb.go:196.44,198.2 1 0
go-pass-keeper/pkg/proto/keeper.pb.go:200.42,200.43 0 0
go-pass-keeper/pkg/proto/keeper.pb.go:202.64,204.14 2 0
go-pass-keeper/pkg/proto/keeper.pb.go:204.14,206.34 2 0
go-pass-keeper/pkg/proto/keeper.pb.go:206.34,208.4 1 0
go-pass-keeper/pkg/proto/keeper.pb.go:209.3,209.12 1 0
go-pass-keeper/pkg/proto/keeper.pb.go:211.2,211.24 1 0
go-pass-keeper/pkg/proto/keeper.pb.go:215.55,217.2 1 0
go-pass-keeper/pkg/proto/keeper.pb.go:219.54,220.14 1 0
go-pass-keeper/pkg/proto/keeper.pb.go:220.14,222.3 1 0
go-pass-keeper/pkg/proto/keeper.pb.go:223.2,223.12 1 0
go-pass-keeper/pkg/proto/keeper.pb.go:226.48,227.14 1 0
go-pass-keeper/pkg/proto/keeper.pb.go:227.14,229.3 1 0
go-pass-keeper/pkg/proto/keeper.pb.go:230.2,230.12 1 0
go-pass-keeper/pkg/proto/keeper.pb.go:240.37,245.2 4 0
go-pass-keeper/pkg/proto/keeper.pb.go:247.45,249.2 1 0
go-pass-keeper/pkg/proto/keeper.pb.go:251.43,251.44 0 0
go-pass-keeper/pkg/proto/keeper.pb.go:253.65,255.14 2 0
go-pass-keeper/pkg/proto/keeper.pb.go:255.14,257.34 2 0
go-pass-keeper/pkg/proto/keeper.pb.go:257.34,259.4 1 0
go-pass-keeper/pkg/proto/keeper.pb.go:260.3,260.12 1 0
go-pass-keeper/pkg/proto/keeper.pb.go:262.2,262.24 1 0
go-pass-keeper/pkg/proto/keeper.pb.go:266.56,268.2 1 0
go-pass-keeper/pkg/proto/keeper.pb.go:270.55,271.14 1 0
go-pass-keeper/pkg/proto/keeper.pb.go:271.14,273.3 1 0
go-pass-keeper/pkg/proto/keeper.pb.go:274.2,274.12 1 0
go-pass-keeper/pkg/proto/keeper.pb.go:284.36,289.2 4 0
go-pass-keeper/pkg/proto/keeper.pb.go:291.44,293.2 1 0
go-pass-keeper/pkg/proto/keeper.pb.go:295.42,295.43 0 0
go-pass-keeper/pkg/proto/keeper.pb.go:297.64,299.14 2 0
go-pass-keeper/pkg/proto/keeper.pb.go:299.14,301.34 2 0
go-pass-keeper/pkg/proto/keeper.pb.go:301.34,303.4 1 0
go-pass-keeper/pkg/proto/keeper.pb.go:304.3,304.12 1 0
go-pass-keeper/pkg/proto/keeper.pb.go:306.2,306.24 1 0
go-pass-keeper/pkg/proto/keeper.pb.go:310.55,312.2 1 0
go-pass-keeper/pkg/proto/keeper.pb.go:314.54,315.14 1 0
go-pass-keeper/pkg/proto/keeper.pb.go:315.14,317.3 1 0
go-pass-keeper/pkg/proto/keeper.pb.go:318.2,318.12 1 0
go-pass-keeper/pkg/proto/keeper.pb.go:329.37,334.2 4 0
go-pass-keeper/pkg/proto/keeper.pb.go:336.45,338.2 1 0
go-pass-keeper/pkg/proto/keeper.pb.go:340.43,340.44 0 0
go-pass-keeper/pkg/proto/keeper.pb.go:342.65,344.14 2 0
go-pass-keeper/pkg/proto/keeper.pb.go:344.14,346.34 2 0
go-pass-keeper/pkg/proto/keeper.pb.go:346.34,348.4 1 0
go-pass-keeper/pkg/proto/keeper.pb.go:349.3,349.12 1 0
go-pass-keeper/pkg/proto/keeper.pb.go:351.2,351.24 1 0
go-pass-keeper/pkg/proto/keeper.pb.go:355.56,357.2 1 0
go-pass-keeper/pkg/proto/keeper.pb.go:359.55,360.14 1 0
go-pass-keeper/pkg/proto/keeper.pb.go:360.14,362.3 1 0
go-pass-keeper/pkg/proto/keeper.pb.go:363.2,363.12 1 0
go-pass-keeper/pkg/proto/keeper.pb.go:366.49,367.14 1 0
go-pass-keeper/pkg/proto/keeper.pb.go:367.14,369.3 1 0
go-pass-keeper/pkg/proto/keeper.pb.go:370.2,370.12 1 0
go-pass-keeper/pkg/proto/keeper.pb.go:380.39,385.2 4 0
go-pass-keeper/pkg/proto/keeper.pb.go:387.47,389.2 1 0
go-pass-keeper/pkg/proto/keeper.pb.go:391.45,391.46 0 0
go-pass-keeper/pkg/proto/keeper.pb.go:393.67,395.14 2 0
go-pass-keeper/pkg/proto/keeper.pb.go:395.14,397.34 2 0
go-pass-keeper/pkg/proto/keeper.pb.go:397.34,399.4 1 0
go-pass-keeper/pkg/proto/keeper.pb.go:400.3,400.12 1 0
go-pass-keeper/pkg/proto/keeper.pb.go:402.2,402.24 1 0
go-pass-keeper/pkg/proto/keeper.pb.go:406.58,408.2 1 0
go-pass-keeper/pkg/proto/keeper.pb.go:410.57,411.14 1 0
go-pass-keeper/pkg/proto/keeper.pb.go:411.14,413.3 1 0
go-pass-keeper/pkg/proto/keeper.pb.go:414.2,414.12 1 0
go-pass-keeper/pkg/proto/keeper.pb.go:424.40,429.2 4 0
go-pass-keeper/pkg/proto/keeper.pb.go:431.48,433.2 1 0
go-pass-keeper/pkg/proto/keeper.pb.go:435.46,435.47 0 0
go-pass-keeper/pkg/proto/keeper.pb.go:437.68,439.14 2 0
go-pass-keeper/pkg/proto/keeper.pb.go:439.14,441.34 2 0
go-pass-keeper/pkg/proto/keeper.pb.go:441.34,443.4 1 0
go-pass-keeper/pkg/proto/keeper.pb.go:444.3,444.12 1 0
go-pass-keeper/pkg/proto/keeper.pb.go:446.2,446.24 1 0
go-pass-keeper/pkg/proto/keeper.pb.go:450.59,452.2 1 0
go-pass-keeper/pkg/proto/keeper.pb.go:454.58,455.14 1 0
go-pass-keeper/pkg/proto/keeper.pb.go:455.14,457.3 1 0
go-pass-keeper/pkg/proto/keeper.pb.go:458.2,458.12 1 0
go-pass-keeper/pkg/proto/keeper.pb.go:469.37,474.2 4 0
go-pass-keeper/pkg/proto/keeper.pb.go:476.45,478.2 1 0
go-pass-keeper/pkg/proto/keeper.pb.go:480.43,480.44 0 0
go-pass-keeper/pkg/proto/keeper.pb.go:482.65,484.14 2 0
go-pass-keeper/pkg/proto/keeper.pb.go:484.14,486.34 2 0
go-pass-keeper/pkg/proto/keeper.pb.go:486.34,488.4 1 0
go-pass-keeper/pkg/proto/keeper.pb.go:489.3,489.12 1 0
go-pass-keeper/pkg/proto/keeper.pb.go:491.2,491.24 1 0
go-pass-keeper/pkg/proto/keeper.pb.go:495.56,497.2 1 0
go-pass-keeper/pkg/proto/keeper.pb.go:499.55,500.14 1 0
go-pass-keeper/pkg/proto/keeper.pb.go:500.14,502.3 1 0
go-pass-keeper/pkg/proto/keeper.pb.go:503.2,503.12 1 0
go-pass-keeper/pkg/proto/keeper.pb.go:506.49,507.14 1 0
go-pass-keeper/pkg/proto/keeper.pb.go:507.14,509.3 1 0
go-pass-keeper/pkg/proto/keeper.pb.go:510.2,510.12 1 0
go-pass-keeper/pkg/proto/keeper.pb.go:520.38,525.2 4 0
go-pass-keeper/pkg/proto/keeper.pb.go:527.46,529.2 1 0
go-pass-keeper/pkg/proto/keeper.pb.go:531.44,531.45 0 0
go-pass-keeper/pkg/proto/keeper.pb.go:533.66,535.14 2 0
go-pass-keeper/pkg/proto/keeper.pb.go:535.14,537.34 2 0
go-pass-keeper/pkg/proto/keeper.pb.go:537.34,539.4 1 0
go-pass-keeper/pkg/proto/keeper.pb.go:540.3,540.12 1 0
go-pass-keeper/pkg/proto/keeper.pb.go:542.2,542.24 1 0
go-pass-keeper/pkg/proto/keeper.pb.go:546.57,548.2 1 0
go-pass-keeper/pkg/proto/keeper.pb.go:550.56,551.14 1 0
go-pass-keeper/pkg/proto/keeper.pb.go:551.14,553.3 1 0
go-pass-keeper/pkg/proto/keeper.pb.go:554.2,554.12 1 0
go-pass-keeper/pkg/proto/keeper.pb.go:608.49,609.46 1 0
go-pass-keeper/pkg/proto/keeper.pb.go:609.46,611.3 1 0
go-pass-keeper/pkg/proto/keeper.pb.go:612.2,612.42 1 0
go-pass-keeper/pkg/proto/keeper.pb.go:659.13,659.45 1 0
go-pass-keeper/pkg/proto/keeper.pb.go:660.35,661.34 1 0
go-pass-keeper/pkg/proto/keeper.pb.go:661.34,663.3 1 0
go-pass-keeper/pkg/proto/keeper.pb.go:664.2,681.37 6 0
go-pass-keeper/pkg/proto/keeper_grpc.pb.go:44.64,46.2 1 0
go-pass-keeper/pkg/proto/keeper_grpc.pb.go:48.133,52.16 4 0
go-pass-keeper/pkg/proto/keeper_grpc.pb.go:52.16,54.3 1 0
go-pass-keeper/pkg/proto/keeper_grpc.pb.go:55.2,55.17 1 0
go-pass-keeper/pkg/proto/keeper_grpc.pb.go:58.130,62.16 4 0
go-pass-keeper/pkg/proto/keeper_grpc.pb.go:62.16,64.3 1 0
go-pass-keeper/pkg/proto/keeper_grpc.pb.go:65.2,65.17 1 0
go-pass-keeper/pkg/proto/keeper_grpc.pb.go:68.130,72.16 4 0
go-pass-keeper/pkg/proto/keeper_grpc.pb.go:72.16,74.3 1 0
go-pass-keeper/pkg/proto/keeper_grpc.pb.go:75.2,75.17 1 0
go-pass-keeper/pkg/proto/keeper_grpc.pb.go:78.139,82.16 4 0
go-pass-keeper/pkg/proto/keeper_grpc.pb.go:82.16,84.3 1 0
go-pass-keeper/pkg/proto/keeper_grpc.pb.go:85.2,85.17 1 0
go-pass-keeper/pkg/proto/keeper_grpc.pb.go:88.133,92.16 4 0
go-pass-keeper/pkg/proto/keeper_grpc.pb.go:92.16,94.3 1 0
go-pass-keeper/pkg/proto/keeper_grpc.pb.go:95.2,95.17 1 0
go-pass-keeper/pkg/proto/keeper_grpc.pb.go:117.111,119.2 1 0
go-pass-keeper/pkg/proto/keeper_grpc.pb.go:120.108,122.2 1 0
go-pass-keeper/pkg/proto/keeper_grpc.pb.go:123.108,125.2 1 0
go-pass-keeper/pkg/proto/keeper_grpc.pb.go:126.117,128.2 1 0
go-pass-keeper/pkg/proto/keeper_grpc.pb.go:129.111,131.2 1 0
go-pass-keeper/pkg/proto/keeper_grpc.pb.go:132.72,132.73 0 0
go-pass-keeper/pkg/proto/keeper_grpc.pb.go:133.72,133.73 0 0
go-pass-keeper/pkg/proto/keeper_grpc.pb.go:142.70,147.59 1 0
go-pass-keeper/pkg/proto/keeper_grpc.pb.go:147.59,149.3 1 0
go-pass-keeper/pkg/proto/keeper_grpc.pb.go:150.2,150.45 1 0
go-pass-keeper/pkg/proto/keeper_grpc.pb.go:153.162,155.32 2 0
go-pass-keeper/pkg/proto/keeper_grpc.pb.go:155.32,157.3 1 0
go-pass-keeper/pkg/proto/keeper_grpc.pb.go:158.2,158.24 1 0
go-pass-keeper/pkg/proto/keeper_grpc.pb.go:158.24,160.3 1 0
go-pass-keeper/pkg/proto/keeper_grpc.pb.go:161.2,165.77 2 0
go-pass-keeper/pkg/proto/keeper_grpc.pb.go:165.77,167.3 1 0
go-pass-keeper/pkg/proto/keeper_grpc.pb.go:168.2,168.44 1 0
go-pass-keeper/pkg/proto/keeper_grpc.pb.go:171.161,173.32 2 0
go-pass-keeper/pkg/proto/keeper_grpc.pb.go:173.32,175.3 1 0
go-pass-keeper/pkg/proto/keeper_grpc.pb.go:176.2,176.24 1 0
go-pass-keeper/pkg/proto/keeper_grpc.pb.go:176.24,178.3 1 0
go-pass-keeper/pkg/proto/keeper_grpc.pb.go:179.2,183.77 2 0
go-pass-keeper/pkg/proto/keeper_grpc.pb.go:183.77,185.3 1 0
go-pass-keeper/pkg/proto/keeper_grpc.pb.go:186.2,186.44 1 0
go-pass-keeper/pkg/proto/keeper_grpc.pb.go:189.161,191.32 2 0
go-pass-keeper/pkg/proto/keeper_grpc.pb.go:191.32,193.3 1 0
go-pass-keeper/pkg/proto/keeper_grpc.pb.go:194.2,194.24 1 0
go-pass-keeper/pkg/proto/keeper_grpc.pb.go:194.24,196.3 1 0
go-pass-keeper/pkg/proto/keeper_grpc.pb.go:197.2,201.77 2 0
go-pass-keeper/pkg/proto/keeper_grpc.pb.go:201.77,203.3 1 0
go-pass-keeper/pkg/proto/keeper_grpc.pb.go:204.2,204.44 1 0
go-pass-keeper/pkg/proto/keeper_grpc.pb.go:207.164,209.32 2 0
go-pass-keeper/pkg/proto/keeper_grpc.pb.go:209.32,211.3 1 0
go-pass-keeper/pkg/proto/keeper_grpc.pb.go:212.2,212.24 1 0
go-pass-keeper/pkg/proto/keeper_grpc.pb.go:212.24,214.3 1 0
go-pass-keeper/pkg/proto/keeper_grpc.pb.go:215.2,219.77 2 0
go-pass-keeper/pkg/proto/keeper_grpc.pb.go:219.77,221.3 1 0
go-pass-keeper/pkg/proto/keeper_grpc.pb.go:222.2,222.44 1 0
go-pass-keeper/pkg/proto/keeper_grpc.pb.go:225.162,227.32 2 0
go-pass-keeper/pkg/proto/keeper_grpc.pb.go:227.32,229.3 1 0
go-pass-keeper/pkg/proto/keeper_grpc.pb.go:230.2,230.24 1 0
go-pass-keeper/pkg/proto/keeper_grpc.pb.go:230.24,232.3 1 0
go-pass-keeper/pkg/proto/keeper_grpc.pb.go:233.2,237.77 2 0
go-pass-keeper/pkg/proto/keeper_grpc.pb.go:237.77,239.3 1 0
go-pass-keeper/pkg/proto/keeper_grpc.pb.go:240.2,240.44 1 0
go-pass-keeper/pkg/proto/user.pb.go:32.35,37.2 4 0
go-pass-keeper/pkg/proto/user.pb.go:39.43,41.2 1 0
go-pass-keeper/pkg/proto/user.pb.go:43.41,43.42 0 0
go-pass-keeper/pkg/proto/user.pb.go:45.63,47.14 2 0
go-pass-keeper/pkg/proto/user.pb.go:47.14,49.34 2 0
go-pass-keeper/pkg/proto/user.pb.go:49.34,51.4 1 0
go-pass-keeper/pkg/proto/user.pb.go:52.3,52.12 1 0
go-pass-keeper/pkg/proto/user.pb.go:54.2,54.24 1 0
go-pass-keeper/pkg/proto/user.pb.go:58.54,60.2 1 0
go-pass-keeper/pkg/proto/user.pb.go:62.45,63.14 1 0
go-pass-keeper/pkg/proto/user.pb.go:63.14,65.3 1 0
go-pass-keeper/pkg/proto/user.pb.go:66.2,66.11 1 0
go-pass-keeper/pkg/proto/user.pb.go:69.48,70.14 1 0
go-pass-keeper/pkg/proto/user.pb.go:70.14,72.3 1 0
go-pass-keeper/pkg/proto/user.pb.go:73.2,73.11 1 0
go-pass-keeper/pkg/proto/user.pb.go:84.36,89.2 4 0
go-pass-keeper/pkg/proto/user.pb.go:91.44,93.2 1 0
go-pass-keeper/pkg/proto/user.pb.go:95.42,95.43 0 0
go-pass-keeper/pkg/proto/user.pb.go:97.64,99.14 2 0
go-pass-keeper/pkg/proto/user.pb.go:99.14,101.34 2 0
go-pass-keeper/pkg/proto/user.pb.go:101.34,103.4 1 0
go-pass-keeper/pkg/proto/user.pb.go:104.3,104.12 1 0
go-pass-keeper/pkg/proto/user.pb.go:106.2,106.24 1 0
go-pass-keeper/pkg/proto/user.pb.go:110.55,112.2 1 0
go-pass-keeper/pkg/proto/user.pb.go:114.46,115.14 1 0
go-pass-keeper/pkg/proto/user.pb.go:115.14,117.3 1 0
go-pass-keeper/pkg/proto/user.pb.go:118.2,118.11 1 0
go-pass-keeper/pkg/proto/user.pb.go:121.45,122.14 1 0
go-pass-keeper/pkg/proto/user.pb.go:122.14,124.3 1 0
go-pass-keeper/pkg/proto/user.pb.go:125.2,125.11 1 0
go-pass-keeper/pkg/proto/user.pb.go:136.32,141.2 4 0
go-pass-keeper/pkg/proto/user.pb.go:143.40,145.2 1 0
go-pass-keeper/pkg/proto/user.pb.go:147.38,147.39 0 0
go-pass-keeper/pkg/proto/user.pb.go:149.60,151.14 2 0
go-pass-keeper/pkg/proto/user.pb.go:151.14,153.34 2 0
go-pass-keeper/pkg/proto/user.pb.go:153.34,155.4 1 0
go-pass-keeper/pkg/proto/user.pb.go:156.3,156.12 1 0
go-pass-keeper/pkg/proto/user.pb.go:158.2,158.24 1 0
go-pass-keeper/pkg/proto/user.pb.go:162.51,164.2 1 0
go-pass-keeper/pkg/proto/user.pb.go:166.42,167.14 1 0
go-pass-keeper/pkg/proto/user.pb.go:167.14,169.3 1 0
go-pass-keeper/pkg/proto/user.pb.go:170.2,170.11 1 0
go-pass-keeper/pkg/proto/user.pb.go:173.45,174.14 1 0
go-pass-keeper/pkg/proto/user.pb.go:174.14,176.3 1 0
go-pass-keeper/pkg/proto/user.pb.go:177.2,177.11 1 0
go-pass-keeper/pkg/proto/user.pb.go:188.33,193.2 4 0
go-pass-keeper/pkg/proto/user.pb.go:195.41,197.2 1 0
go-pass-keeper/pkg/proto/user.pb.go:199.39,199.40 0 0
go-pass-keeper/pkg/proto/user.pb.go:201.61,203.14 2 0
go-pass-keeper/pkg/proto/user.pb.go:203.14,205.34 2 0
go-pass-keeper/pkg/proto/user.pb.go:205.34,207.4 1 0
go-pass-keeper/pkg/proto/user.pb.go:208.3,208.12 1 0
go-pass-keeper/pkg/proto/user.pb.go:210.2,210.24 1 0
go-pass-keeper/pkg/proto/user.pb.go:214.52,216.2 1 0
go-pass-keeper/pkg/proto/user.pb.go:218.43,219.14 1 0
go-pass-keeper/pkg/proto/user.pb.go:219.14,221.3 1 0
go-pass-keeper/pkg/proto/user.pb.go:222.2,222.11 1 0
go-pass-keeper/pkg/proto/user.pb.go:225.42,226.14 1 0
go-pass-keeper/pkg/proto/user.pb.go:226.14,228.3 1 0
go-pass-keeper/pkg/proto/user.pb.go:229.2,229.11 1 0
go-pass-keeper/pkg/proto/user.pb.go:258.47,259.44 1 0
go-pass-keeper/pkg/proto/user.pb.go:259.44,261.3 1 0
go-pass-keeper/pkg/proto/user.pb.go:262.2,262.40 1 0
go-pass-keeper/pkg/proto/user.pb.go:284.13,284.43 1 0
go-pass-keeper/pkg/proto/user.pb.go:285.33,286.32 1 0
go-pass-keeper/pkg/proto/user.pb.go:286.32,288.3 1 0
go-pass-keeper/pkg/proto/user.pb.go:289.2,305.35 5 0
go-pass-keeper/pkg/proto/user_grpc.pb.go:38.60,40.2 1 0
go-pass-keeper/pkg/proto/user_grpc.pb.go:42.125,46.16 4 0
go-pass-keeper/pkg/proto/user_grpc.pb.go:46.16,48.3 1 0
go-pass-keeper/pkg/proto/user_grpc.pb.go:49.2,49.17 1 0
go-pass-keeper/pkg/proto/user_grpc.pb.go:52.116,56.16 4 0
go-pass-keeper/pkg/proto/user_grpc.pb.go:56.16,58.3 1 0
go-pass-keeper/pkg/proto/user_grpc.pb.go:59.2,59.17 1 0
go-pass-keeper/pkg/proto/user_grpc.pb.go:78.103,80.2 1 0
go-pass-keeper/pkg/proto/user_grpc.pb.go:81.94,83.2 1 0
go-pass-keeper/pkg/proto/user_grpc.pb.go:84.68,84.69 0 0
go-pass-keeper/pkg/proto/user_grpc.pb.go:85.68,85.69 0 0
go-pass-keeper/pkg/proto/user_grpc.pb.go:94.66,99.59 1 0
go-pass-keeper/pkg/proto/user_grpc.pb.go:99.59,101.3 1 0
go-pass-keeper/pkg/proto/user_grpc.pb.go:102.2,102.43 1 0
go-pass-keeper/pkg/proto/user_grpc.pb.go:105.158,107.32 2 0
go-pass-keeper/pkg/proto/user_grpc.pb.go:107.32,109.3 1 0
go-pass-keeper/pkg/proto/user_grpc.pb.go:110.2,110.24 1 0
go-pass-keeper/pkg/proto/user_grpc.pb.go:110.24,112.3 1 0
go-pass-keeper/pkg/proto/user_grpc.pb.go:113.2,117.77 2 0
go-pass-keeper/pkg/proto/user_grpc.pb.go:117.77,119.3 1 0
go-pass-keeper/pkg/proto/user_grpc.pb.go:120.2,120.44 1 0
go-pass-keeper/pkg/proto/user_grpc.pb.go:123.155,125.32 2 0
go-pass-keeper/pkg/proto/user_grpc.pb.go:125.32,127.3 1 0
go-pass-keeper/pkg/proto/user_grpc.pb.go:128.2,128.24 1 0
go-pass-keeper/pkg/proto/user_grpc.pb.go:128.24,130.3 1 0
go-pass-keeper/pkg/proto/user_grpc.pb.go:131.2,135.77 2 0
go-pass-keeper/pkg/proto/user_grpc.pb.go:135.77,137.3 1 0
go-pass-keeper/pkg/proto/user_grpc.pb.go:138.2,138.44 1 0
go-pass-keeper/internal/token/token.go:15.45,16.25 1 1
go-pass-keeper/internal/token/token.go:16.25,18.3 1 1
go-pass-keeper/internal/token/token.go:19.2,21.8 1 1
go-pass-keeper/internal/token/token.go:33.55,46.16 5 1
go-pass-keeper/internal/token/token.go:46.16,48.3 1 0
go-pass-keeper/internal/token/token.go:50.2,50.25 1 1
go-pass-keeper/internal/token/token.go:54.58,58.43 2 1
go-pass-keeper/internal/token/token.go:58.43,59.55 1 1
go-pass-keeper/internal/token/token.go:59.55,61.5 1 0
go-pass-keeper/internal/token/token.go:62.4,62.27 1 1
go-pass-keeper/internal/token/token.go:64.2,64.16 1 1
go-pass-keeper/internal/token/token.go:64.16,66.3 1 1
go-pass-keeper/internal/token/token.go:67.2,67.21 1 1
go-pass-keeper/internal/token/token.go:67.21,69.3 1 0
go-pass-keeper/internal/token/token.go:70.2,70.20 1 1
go-pass-keeper/internal/token/token.go:74.58,76.16 2 1
go-pass-keeper/internal/token/token.go:76.16,78.3 1 1
go-pass-keeper/internal/token/token.go:79.2,79.38 1 1
go-pass-keeper/internal/models/info.go:18.59,24.2 1 0
go-pass-keeper/internal/models/info.go:26.71,34.2 1 0
go-pass-keeper/internal/models/info.go:36.82,40.34 3 0
go-pass-keeper/internal/models/info.go:40.34,42.3 1 0
go-pass-keeper/internal/models/info.go:43.2,43.12 1 0
go-pass-keeper/internal/models/secrets.go:37.64,42.2 1 1
go-pass-keeper/internal/models/secrets.go:45.63,47.16 2 1
go-pass-keeper/internal/models/secrets.go:47.16,49.3 1 0
go-pass-keeper/internal/models/secrets.go:50.2,50.34 1 1
go-pass-keeper/internal/models/secrets.go:54.69,56.16 2 1
go-pass-keeper/internal/models/secrets.go:56.16,58.3 1 0
go-pass-keeper/internal/models/secrets.go:59.2,60.16 2 1
go-pass-keeper/internal/models/secrets.go:60.16,62.3 1 0
go-pass-keeper/internal/models/secrets.go:63.2,63.12 1 1
go-pass-keeper/internal/models/secrets.go:67.65,74.2 1 1
go-pass-keeper/internal/models/secrets.go:77.59,79.16 2 1
go-pass-keeper/internal/models/secrets.go:79.16,81.3 1 0
go-pass-keeper/internal/models/secrets.go:82.2,82.34 1 1
go-pass-keeper/internal/models/secrets.go:86.65,88.16 2 1
go-pass-keeper/internal/models/secrets.go:88.16,90.3 1 0
go-pass-keeper/internal/models/secrets.go:91.2,92.16 2 1
go-pass-keeper/internal/models/secrets.go:92.16,94.3 1 0
go-pass-keeper/internal/models/secrets.go:95.2,95.12 1 1
go-pass-keeper/internal/models/secrets.go:104.45,108.2 1 1
go-pass-keeper/internal/models/secrets.go:111.59,113.2 1 1
go-pass-keeper/internal/models/secrets.go:116.65,118.16 2 1
go-pass-keeper/internal/models/secrets.go:118.16,120.3 1 0
go-pass-keeper/internal/models/secrets.go:121.2,122.12 2 1
go-pass-keeper/internal/models/secrets.go:131.48,135.2 1 1
go-pass-keeper/internal/models/secrets.go:138.61,140.2 1 1
go-pass-keeper/internal/models/secrets.go:143.67,145.16 2 1
go-pass-keeper/internal/models/secrets.go:145.16,147.3 1 0
go-pass-keeper/internal/models/secrets.go:148.2,149.12 2 1
go-pass-keeper/pkg/usercontext/usercontext.go:17.56,20.19 3 1
go-pass-keeper/pkg/usercontext/usercontext.go:20.19,22.3 1 1
go-pass-keeper/pkg/usercontext/usercontext.go:23.2,24.9 2 1
go-pass-keeper/pkg/usercontext/usercontext.go:24.9,26.3 1 1
go-pass-keeper/pkg/usercontext/usercontext.go:28.2,28.17 1 1
go-pass-keeper/pkg/usercontext/usercontext.go:32.68,34.2 1 1
go-pass-keeper/pkg/crypto/crypto.go:22.37,24.43 2 1
go-pass-keeper/pkg/crypto/crypto.go:24.43,26.3 1 0
go-pass-keeper/pkg/crypto/crypto.go:27.2,27.53 1 1
go-pass-keeper/pkg/crypto/crypto.go:31.66,33.16 2 1
go-pass-keeper/pkg/crypto/crypto.go:33.16,35.3 1 0
go-pass-keeper/pkg/crypto/crypto.go:37.2,38.16 2 1
go-pass-keeper/pkg/crypto/crypto.go:38.16,40.3 1 0
go-pass-keeper/pkg/crypto/crypto.go:42.2,42.17 1 1
go-pass-keeper/pkg/crypto/crypto.go:46.55,48.16 2 1
go-pass-keeper/pkg/crypto/crypto.go:48.16,50.3 1 0
go-pass-keeper/pkg/crypto/crypto.go:52.2,53.16 2 1
go-pass-keeper/pkg/crypto/crypto.go:53.16,55.3 1 0
go-pass-keeper/pkg/crypto/crypto.go:57.2,58.59 2 1
go-pass-keeper/pkg/crypto/crypto.go:58.59,60.3 1 0
go-pass-keeper/pkg/crypto/crypto.go:62.2,69.20 5 1
go-pass-keeper/pkg/crypto/crypto.go:73.55,75.16 2 1
go-pass-keeper/pkg/crypto/crypto.go:75.16,77.3 1 1
go-pass-keeper/pkg/crypto/crypto.go:79.2,80.16 2 1
go-pass-keeper/pkg/crypto/crypto.go:80.16,82.3 1 0
go-pass-keeper/pkg/crypto/crypto.go:84.2,85.27 2 1
go-pass-keeper/pkg/crypto/crypto.go:85.27,87.3 1 1
go-pass-keeper/pkg/crypto/crypto.go:90.2,94.16 4 1
go-pass-keeper/pkg/crypto/crypto.go:94.16,96.3 1 1
go-pass-keeper/pkg/crypto/crypto.go:98.2,98.23 1 1
